2021-07-16 23:42:18 [background-preinit] INFO  o.h.validator.internal.util.Version - HV000001: Hibernate Validator 6.1.5.Final
2021-07-16 23:42:19 [main] INFO  c.m.demo.config.server.ConfigServer - No active profile set, falling back to default profiles: default
2021-07-16 23:42:21 [main] INFO  o.s.cloud.context.scope.GenericScope - BeanFactory id=2a519873-3bf9-3410-9240-bed5bf7485b8
2021-07-16 23:42:21 [main] INFO  o.s.b.w.e.tomcat.TomcatWebServer - Tomcat initialized with port(s): 8888 (http)
2021-07-16 23:42:21 [main] INFO  o.a.coyote.http11.Http11NioProtocol - Initializing ProtocolHandler ["http-nio-8888"]
2021-07-16 23:42:21 [main] INFO  o.a.catalina.core.StandardService - Starting service [Tomcat]
2021-07-16 23:42:21 [main] INFO  o.a.catalina.core.StandardEngine - Starting Servlet engine: [Apache Tomcat/9.0.38]
2021-07-16 23:42:22 [main] INFO  o.a.c.c.C.[Tomcat].[localhost].[/] - Initializing Spring embedded WebApplicationContext
2021-07-16 23:42:22 [main] INFO  o.s.b.w.s.c.ServletWebServerApplicationContext - Root WebApplicationContext: initialization completed in 2244 ms
2021-07-16 23:42:22 [main] INFO  o.s.s.c.ThreadPoolTaskExecutor - Initializing ExecutorService 'applicationTaskExecutor'
2021-07-16 23:42:25 [main] INFO  o.s.s.web.DefaultSecurityFilterChain - Creating filter chain: Ant [pattern='/encrypt/**'], []
2021-07-16 23:42:25 [main] INFO  o.s.s.web.DefaultSecurityFilterChain - Creating filter chain: Ant [pattern='/decrypt/**'], []
2021-07-16 23:42:25 [main] INFO  o.s.s.web.DefaultSecurityFilterChain - Creating filter chain: Ant [pattern='/actuator/**'], []
2021-07-16 23:42:25 [main] INFO  o.s.s.web.DefaultSecurityFilterChain - Creating filter chain: any request, [org.springframework.security.web.context.request.async.WebAsyncManagerIntegrationFilter@45b8bbbf, org.springframework.security.web.context.SecurityContextPersistenceFilter@1926f962, org.springframework.security.web.header.HeaderWriterFilter@2110684a, org.springframework.security.web.csrf.CsrfFilter@51869ad6, org.springframework.security.web.authentication.logout.LogoutFilter@b56c222, org.springframework.security.web.authentication.UsernamePasswordAuthenticationFilter@340fc1aa, org.springframework.security.web.authentication.ui.DefaultLoginPageGeneratingFilter@638d2ce3, org.springframework.security.web.authentication.ui.DefaultLogoutPageGeneratingFilter@1df06ecd, org.springframework.security.web.authentication.www.BasicAuthenticationFilter@2a99fa07, org.springframework.security.web.savedrequest.RequestCacheAwareFilter@c82ad22, org.springframework.security.web.servletapi.SecurityContextHolderAwareRequestFilter@212e39ee, org.springframework.security.web.authentication.AnonymousAuthenticationFilter@57927bc9, org.springframework.security.web.session.SessionManagementFilter@61d011e, org.springframework.security.web.access.ExceptionTranslationFilter@46591e98, org.springframework.security.web.access.intercept.FilterSecurityInterceptor@7598d675]
2021-07-16 23:42:26 [main] INFO  o.s.b.a.e.web.EndpointLinksResolver - Exposing 2 endpoint(s) beneath base path '/actuator'
2021-07-16 23:42:26 [main] INFO  o.a.coyote.http11.Http11NioProtocol - Starting ProtocolHandler ["http-nio-8888"]
2021-07-16 23:42:26 [main] INFO  o.s.b.w.e.tomcat.TomcatWebServer - Tomcat started on port(s): 8888 (http) with context path ''
2021-07-16 23:42:26 [main] INFO  c.m.demo.config.server.ConfigServer - Started ConfigServer in 10.072 seconds (JVM running for 11.234)
2021-07-16 23:42:39 [background-preinit] INFO  o.h.validator.internal.util.Version - HV000001: Hibernate Validator 6.1.5.Final
2021-07-16 23:42:40 [main] INFO  c.m.demo.config.server.ConfigServer - No active profile set, falling back to default profiles: default
2021-07-16 23:42:42 [main] INFO  o.s.cloud.context.scope.GenericScope - BeanFactory id=2a519873-3bf9-3410-9240-bed5bf7485b8
2021-07-16 23:42:42 [main] INFO  o.s.b.w.e.tomcat.TomcatWebServer - Tomcat initialized with port(s): 8888 (http)
2021-07-16 23:42:42 [main] INFO  o.a.coyote.http11.Http11NioProtocol - Initializing ProtocolHandler ["http-nio-8888"]
2021-07-16 23:42:42 [main] INFO  o.a.catalina.core.StandardService - Starting service [Tomcat]
2021-07-16 23:42:42 [main] INFO  o.a.catalina.core.StandardEngine - Starting Servlet engine: [Apache Tomcat/9.0.38]
2021-07-16 23:42:42 [main] INFO  o.a.c.c.C.[Tomcat].[localhost].[/] - Initializing Spring embedded WebApplicationContext
2021-07-16 23:42:42 [main] INFO  o.s.b.w.s.c.ServletWebServerApplicationContext - Root WebApplicationContext: initialization completed in 1982 ms
2021-07-16 23:42:43 [main] INFO  o.s.s.c.ThreadPoolTaskExecutor - Initializing ExecutorService 'applicationTaskExecutor'
2021-07-16 23:42:46 [main] INFO  o.s.s.web.DefaultSecurityFilterChain - Creating filter chain: Ant [pattern='/encrypt/**'], []
2021-07-16 23:42:46 [main] INFO  o.s.s.web.DefaultSecurityFilterChain - Creating filter chain: Ant [pattern='/decrypt/**'], []
2021-07-16 23:42:46 [main] INFO  o.s.s.web.DefaultSecurityFilterChain - Creating filter chain: Ant [pattern='/actuator/**'], []
2021-07-16 23:42:46 [main] INFO  o.s.s.web.DefaultSecurityFilterChain - Creating filter chain: any request, [org.springframework.security.web.context.request.async.WebAsyncManagerIntegrationFilter@2375a976, org.springframework.security.web.context.SecurityContextPersistenceFilter@98722ef, org.springframework.security.web.header.HeaderWriterFilter@7c682e26, org.springframework.security.web.csrf.CsrfFilter@17f41739, org.springframework.security.web.authentication.logout.LogoutFilter@186f7434, org.springframework.security.web.authentication.UsernamePasswordAuthenticationFilter@1d9bd1d6, org.springframework.security.web.authentication.ui.DefaultLoginPageGeneratingFilter@57927bc9, org.springframework.security.web.authentication.ui.DefaultLogoutPageGeneratingFilter@4bc21e34, org.springframework.security.web.authentication.www.BasicAuthenticationFilter@3d98729a, org.springframework.security.web.savedrequest.RequestCacheAwareFilter@fd69983, org.springframework.security.web.servletapi.SecurityContextHolderAwareRequestFilter@1df06ecd, org.springframework.security.web.authentication.AnonymousAuthenticationFilter@7544260a, org.springframework.security.web.session.SessionManagementFilter@340fc1aa, org.springframework.security.web.access.ExceptionTranslationFilter@4946485c, org.springframework.security.web.access.intercept.FilterSecurityInterceptor@79445efb]
2021-07-16 23:42:47 [main] INFO  o.s.b.a.e.web.EndpointLinksResolver - Exposing 2 endpoint(s) beneath base path '/actuator'
2021-07-16 23:42:47 [main] INFO  o.a.coyote.http11.Http11NioProtocol - Starting ProtocolHandler ["http-nio-8888"]
2021-07-16 23:42:47 [main] INFO  o.s.b.w.e.tomcat.TomcatWebServer - Tomcat started on port(s): 8888 (http) with context path ''
2021-07-16 23:42:47 [main] INFO  c.m.demo.config.server.ConfigServer - Started ConfigServer in 9.33 seconds (JVM running for 10.623)
2021-07-16 23:43:26 [http-nio-8888-exec-1] INFO  o.a.c.c.C.[Tomcat].[localhost].[/] - Initializing Spring DispatcherServlet 'dispatcherServlet'
2021-07-16 23:43:26 [http-nio-8888-exec-1] INFO  o.s.web.servlet.DispatcherServlet - Initializing Servlet 'dispatcherServlet'
2021-07-16 23:43:26 [http-nio-8888-exec-1] INFO  o.s.web.servlet.DispatcherServlet - Completed initialization in 7 ms
2021-07-16 23:43:27 [http-nio-8888-exec-1] WARN  o.a.c.util.SessionIdGeneratorBase - Creation of SecureRandom instance for session ID generation using [SHA1PRNG] took [247] milliseconds.
2021-07-16 23:43:28 [http-nio-8888-exec-1] INFO  o.s.c.c.s.e.NativeEnvironmentRepository - Adding property source: file:/C:/Users/Mukesh/AppData/Local/Temp/config-repo-7639274003251665269/config-client-elastic_query.yml
2021-07-16 23:43:28 [http-nio-8888-exec-1] INFO  o.s.c.c.s.e.NativeEnvironmentRepository - Adding property source: file:/C:/Users/Mukesh/AppData/Local/Temp/config-repo-7639274003251665269/config-client.yml
2021-07-16 23:46:09 [http-nio-8888-exec-3] INFO  o.s.c.c.s.e.NativeEnvironmentRepository - Adding property source: file:/C:/Users/Mukesh/AppData/Local/Temp/config-repo-7639274003251665269/config-client-elastic_query.yml
2021-07-16 23:46:09 [http-nio-8888-exec-3] INFO  o.s.c.c.s.e.NativeEnvironmentRepository - Adding property source: file:/C:/Users/Mukesh/AppData/Local/Temp/config-repo-7639274003251665269/config-client.yml
2021-07-16 23:50:23 [background-preinit] INFO  o.h.validator.internal.util.Version - HV000001: Hibernate Validator 6.1.5.Final
2021-07-16 23:50:25 [main] INFO  c.m.demo.config.server.ConfigServer - No active profile set, falling back to default profiles: default
2021-07-16 23:50:26 [main] INFO  o.s.cloud.context.scope.GenericScope - BeanFactory id=2a519873-3bf9-3410-9240-bed5bf7485b8
2021-07-16 23:50:27 [main] INFO  o.s.b.w.e.tomcat.TomcatWebServer - Tomcat initialized with port(s): 8888 (http)
2021-07-16 23:50:27 [main] INFO  o.a.coyote.http11.Http11NioProtocol - Initializing ProtocolHandler ["http-nio-8888"]
2021-07-16 23:50:27 [main] INFO  o.a.catalina.core.StandardService - Starting service [Tomcat]
2021-07-16 23:50:27 [main] INFO  o.a.catalina.core.StandardEngine - Starting Servlet engine: [Apache Tomcat/9.0.38]
2021-07-16 23:50:28 [main] INFO  o.a.c.c.C.[Tomcat].[localhost].[/] - Initializing Spring embedded WebApplicationContext
2021-07-16 23:50:28 [main] INFO  o.s.b.w.s.c.ServletWebServerApplicationContext - Root WebApplicationContext: initialization completed in 2648 ms
2021-07-16 23:50:28 [main] INFO  o.s.s.c.ThreadPoolTaskExecutor - Initializing ExecutorService 'applicationTaskExecutor'
2021-07-16 23:50:32 [main] INFO  o.s.s.web.DefaultSecurityFilterChain - Creating filter chain: Ant [pattern='/encrypt/**'], []
2021-07-16 23:50:32 [main] INFO  o.s.s.web.DefaultSecurityFilterChain - Creating filter chain: Ant [pattern='/decrypt/**'], []
2021-07-16 23:50:32 [main] INFO  o.s.s.web.DefaultSecurityFilterChain - Creating filter chain: Ant [pattern='/actuator/**'], []
2021-07-16 23:50:32 [main] INFO  o.s.s.web.DefaultSecurityFilterChain - Creating filter chain: any request, [org.springframework.security.web.context.request.async.WebAsyncManagerIntegrationFilter@3bf01a01, org.springframework.security.web.context.SecurityContextPersistenceFilter@4f552aa2, org.springframework.security.web.header.HeaderWriterFilter@49cceb19, org.springframework.security.web.csrf.CsrfFilter@46591e98, org.springframework.security.web.authentication.logout.LogoutFilter@688d619c, org.springframework.security.web.authentication.UsernamePasswordAuthenticationFilter@684b26b7, org.springframework.security.web.authentication.ui.DefaultLoginPageGeneratingFilter@15a484a9, org.springframework.security.web.authentication.ui.DefaultLogoutPageGeneratingFilter@299cab08, org.springframework.security.web.authentication.www.BasicAuthenticationFilter@3f4964f2, org.springframework.security.web.savedrequest.RequestCacheAwareFilter@43d6262c, org.springframework.security.web.servletapi.SecurityContextHolderAwareRequestFilter@1d2c253, org.springframework.security.web.authentication.AnonymousAuthenticationFilter@6c75e3bc, org.springframework.security.web.session.SessionManagementFilter@131d977f, org.springframework.security.web.access.ExceptionTranslationFilter@638d2ce3, org.springframework.security.web.access.intercept.FilterSecurityInterceptor@1df06ecd]
2021-07-16 23:50:33 [main] INFO  o.s.b.a.e.web.EndpointLinksResolver - Exposing 2 endpoint(s) beneath base path '/actuator'
2021-07-16 23:50:33 [main] INFO  o.a.coyote.http11.Http11NioProtocol - Starting ProtocolHandler ["http-nio-8888"]
2021-07-16 23:50:33 [main] INFO  o.s.b.w.e.tomcat.TomcatWebServer - Tomcat started on port(s): 8888 (http) with context path ''
2021-07-16 23:50:33 [main] INFO  c.m.demo.config.server.ConfigServer - Started ConfigServer in 12.28 seconds (JVM running for 13.996)
2021-07-16 23:50:52 [http-nio-8888-exec-1] INFO  o.a.c.c.C.[Tomcat].[localhost].[/] - Initializing Spring DispatcherServlet 'dispatcherServlet'
2021-07-16 23:50:52 [http-nio-8888-exec-1] INFO  o.s.web.servlet.DispatcherServlet - Initializing Servlet 'dispatcherServlet'
2021-07-16 23:50:52 [http-nio-8888-exec-1] INFO  o.s.web.servlet.DispatcherServlet - Completed initialization in 9 ms
2021-07-16 23:50:52 [http-nio-8888-exec-1] WARN  o.a.c.util.SessionIdGeneratorBase - Creation of SecureRandom instance for session ID generation using [SHA1PRNG] took [258] milliseconds.
2021-07-16 23:50:53 [http-nio-8888-exec-1] INFO  o.s.c.c.s.e.NativeEnvironmentRepository - Adding property source: file:/C:/Users/Mukesh/AppData/Local/Temp/config-repo-12212170218260722920/config-client-elastic_query.yml
2021-07-16 23:50:53 [http-nio-8888-exec-1] INFO  o.s.c.c.s.e.NativeEnvironmentRepository - Adding property source: file:/C:/Users/Mukesh/AppData/Local/Temp/config-repo-12212170218260722920/config-client.yml
