2021-07-18 14:59:13 [background-preinit] WARN  o.s.h.c.j.Jackson2ObjectMapperBuilder - For Jackson Kotlin classes support please add "com.fasterxml.jackson.module:jackson-module-kotlin" to the classpath
2021-07-18 14:59:15 [main] INFO  o.s.c.c.c.ConfigServicePropertySourceLocator - Fetching config from server at : http://config-server:8888
2021-07-18 14:59:17 [main] INFO  o.s.c.c.c.ConfigServicePropertySourceLocator - Located environment: name=twitter-to-kafka-service,config-client, profiles=[twitter_to_kafka], label=null, version=dae5d1d98ffb5e2dc62378842dc72c80513dc608, state=null
2021-07-18 14:59:17 [main] INFO  o.s.c.b.c.PropertySourceBootstrapConfiguration - Located property source: [BootstrapPropertySource {name='bootstrapProperties-configClient'}, BootstrapPropertySource {name='bootstrapProperties-https://github.com/mukeshgulia/spring-cloud-config-server.git/config-client-twitter_to_kafka.yml'}, BootstrapPropertySource {name='bootstrapProperties-https://github.com/mukeshgulia/spring-cloud-config-server.git/config-client.yml'}]
2021-07-18 14:59:17 [main] INFO  c.m.d.t.t.k.s.TwitterToKafkaServiceApplication - The following profiles are active: twitter_to_kafka
2021-07-18 14:59:19 [main] INFO  o.s.cloud.context.scope.GenericScope - BeanFactory id=3cd6b8f7-a311-3b33-a4ea-e270cd547b7f
2021-07-18 14:59:19 [main] INFO  o.s.c.s.PostProcessorRegistrationDelegate$BeanPostProcessorChecker - Bean 'org.springframework.retry.annotation.RetryConfiguration' of type [org.springframework.retry.annotation.RetryConfiguration] is not eligible for getting processed by all BeanPostProcessors (for example: not eligible for auto-proxying)
2021-07-18 14:59:20 [main] INFO  o.a.k.c.admin.AdminClientConfig - AdminClientConfig values: 
	bootstrap.servers = [kafka-broker-1:9092, kafka-broker-2:9092, kafka-broker-3:9092]
	client.dns.lookup = default
	client.id = 
	connections.max.idle.ms = 300000
	default.api.timeout.ms = 60000
	metadata.max.age.ms = 300000
	metric.reporters = []
	metrics.num.samples = 2
	metrics.recording.level = INFO
	metrics.sample.window.ms = 30000
	receive.buffer.bytes = 65536
	reconnect.backoff.max.ms = 1000
	reconnect.backoff.ms = 50
	request.timeout.ms = 30000
	retries = 2147483647
	retry.backoff.ms = 100
	sasl.client.callback.handler.class = null
	sasl.jaas.config = null
	sasl.kerberos.kinit.cmd = /usr/bin/kinit
	sasl.kerberos.min.time.before.relogin = 60000
	sasl.kerberos.service.name = null
	sasl.kerberos.ticket.renew.jitter = 0.05
	sasl.kerberos.ticket.renew.window.factor = 0.8
	sasl.login.callback.handler.class = null
	sasl.login.class = null
	sasl.login.refresh.buffer.seconds = 300
	sasl.login.refresh.min.period.seconds = 60
	sasl.login.refresh.window.factor = 0.8
	sasl.login.refresh.window.jitter = 0.05
	sasl.mechanism = GSSAPI
	security.protocol = PLAINTEXT
	security.providers = null
	send.buffer.bytes = 131072
	ssl.cipher.suites = null
	ssl.enabled.protocols = [TLSv1.2]
	ssl.endpoint.identification.algorithm = https
	ssl.key.password = null
	ssl.keymanager.algorithm = SunX509
	ssl.keystore.location = null
	ssl.keystore.password = null
	ssl.keystore.type = JKS
	ssl.protocol = TLSv1.2
	ssl.provider = null
	ssl.secure.random.implementation = null
	ssl.trustmanager.algorithm = PKIX
	ssl.truststore.location = null
	ssl.truststore.password = null
	ssl.truststore.type = JKS

2021-07-18 14:59:20 [main] INFO  o.a.kafka.common.utils.AppInfoParser - Kafka version: 2.5.1
2021-07-18 14:59:20 [main] INFO  o.a.kafka.common.utils.AppInfoParser - Kafka commitId: 0efa8fb0f4c73d92
2021-07-18 14:59:20 [main] INFO  o.a.kafka.common.utils.AppInfoParser - Kafka startTimeMs: 1626620360611
2021-07-18 14:59:21 [main] INFO  o.s.b.a.s.r.ReactiveUserDetailsServiceAutoConfiguration - 

Using generated security password: 736f7798-01dc-4baf-9f6e-34fcf25612bc

2021-07-18 14:59:22 [main] INFO  o.s.b.w.e.netty.NettyWebServer - Netty started on port(s): 8181
2021-07-18 14:59:22 [main] INFO  c.m.d.t.t.k.s.TwitterToKafkaServiceApplication - Started TwitterToKafkaServiceApplication in 11.484 seconds (JVM running for 13.537)
2021-07-18 14:59:22 [main] INFO  c.m.d.t.t.k.s.TwitterToKafkaServiceApplication - App starts
2021-07-18 14:59:22 [main] INFO  c.m.d.k.a.client.KafkaAdminClient - Creating 1 topics, attempt 0
2021-07-18 14:59:24 [main] INFO  c.m.d.t.t.k.s.i.i.KafkaStreamInitializer - Topics with name twitter-topic are ready for operations
2021-07-18 14:59:24 [main] INFO  c.m.d.t.t.k.s.r.i.TwitterKafkaStreamRunner - Started filtering twitter stream for keywords [Java, Microservices, Kafka, Elasticsearch]
2021-07-18 14:59:24 [Twitter Stream consumer /  [1][initializing]] INFO  twitter4j.TwitterStreamImpl - Establishing connection.
2021-07-18 14:59:25 [Twitter Stream consumer /  [1][Establishing connection]] INFO  twitter4j.TwitterStreamImpl - Connection established.
2021-07-18 14:59:25 [Twitter Stream consumer /  [1][Establishing connection]] INFO  twitter4j.TwitterStreamImpl - Receiving status stream.
2021-07-18 14:59:25 [Twitter4J Async Dispatcher[0]] INFO  c.m.d.t.t.k.s.l.TwitterKafkaStatusListener - Received status text Top Reading List for Geeks in ML, #Mathematics. #BigData #Analytics #DataScience #IoT #IIoT #PyTorch #Python #RStats #TensorFlow #Java #JavaScript #ReactJS #CloudComputing #Serverless #DataScientist #Linux #Books #Programming #Coding #100DaysofCode
https://t.co/gFePTKIOkP https://t.co/jpUQZDgijO sending to Kafka topic twitter-topic
2021-07-18 14:59:25 [Twitter4J Async Dispatcher[0]] INFO  c.m.d.k.p.c.s.i.TwitterKafkaProducer - Sending message='{"userId": 4263007693, "id": 1416774802547912705, "text": "Top Reading List for Geeks in ML, #Mathematics. #BigData #Analytics #DataScience #IoT #IIoT #PyTorch #Python #RStats #TensorFlow #Java #JavaScript #ReactJS #CloudComputing #Serverless #DataScientist #Linux #Books #Programming #Coding #100DaysofCode\nhttps://t.co/gFePTKIOkP https://t.co/jpUQZDgijO", "createdAt": 1626620409000}' to topic='twitter-topic'
2021-07-18 14:59:25 [Twitter4J Async Dispatcher[0]] INFO  o.a.k.c.producer.ProducerConfig - ProducerConfig values: 
	acks = -1
	batch.size = 1638400
	bootstrap.servers = [kafka-broker-1:9092, kafka-broker-2:9092, kafka-broker-3:9092]
	buffer.memory = 33554432
	client.dns.lookup = default
	client.id = producer-1
	compression.type = snappy
	connections.max.idle.ms = 540000
	delivery.timeout.ms = 120000
	enable.idempotence = false
	interceptor.classes = []
	key.serializer = class org.apache.kafka.common.serialization.LongSerializer
	linger.ms = 5
	max.block.ms = 60000
	max.in.flight.requests.per.connection = 5
	max.request.size = 1048576
	metadata.max.age.ms = 300000
	metadata.max.idle.ms = 300000
	metric.reporters = []
	metrics.num.samples = 2
	metrics.recording.level = INFO
	metrics.sample.window.ms = 30000
	partitioner.class = class org.apache.kafka.clients.producer.internals.DefaultPartitioner
	receive.buffer.bytes = 32768
	reconnect.backoff.max.ms = 1000
	reconnect.backoff.ms = 50
	request.timeout.ms = 60000
	retries = 5
	retry.backoff.ms = 100
	sasl.client.callback.handler.class = null
	sasl.jaas.config = null
	sasl.kerberos.kinit.cmd = /usr/bin/kinit
	sasl.kerberos.min.time.before.relogin = 60000
	sasl.kerberos.service.name = null
	sasl.kerberos.ticket.renew.jitter = 0.05
	sasl.kerberos.ticket.renew.window.factor = 0.8
	sasl.login.callback.handler.class = null
	sasl.login.class = null
	sasl.login.refresh.buffer.seconds = 300
	sasl.login.refresh.min.period.seconds = 60
	sasl.login.refresh.window.factor = 0.8
	sasl.login.refresh.window.jitter = 0.05
	sasl.mechanism = GSSAPI
	security.protocol = PLAINTEXT
	security.providers = null
	send.buffer.bytes = 131072
	ssl.cipher.suites = null
	ssl.enabled.protocols = [TLSv1.2]
	ssl.endpoint.identification.algorithm = https
	ssl.key.password = null
	ssl.keymanager.algorithm = SunX509
	ssl.keystore.location = null
	ssl.keystore.password = null
	ssl.keystore.type = JKS
	ssl.protocol = TLSv1.2
	ssl.provider = null
	ssl.secure.random.implementation = null
	ssl.trustmanager.algorithm = PKIX
	ssl.truststore.location = null
	ssl.truststore.password = null
	ssl.truststore.type = JKS
	transaction.timeout.ms = 60000
	transactional.id = null
	value.serializer = class io.confluent.kafka.serializers.KafkaAvroSerializer

2021-07-18 14:59:25 [Twitter4J Async Dispatcher[0]] INFO  i.c.k.s.KafkaAvroSerializerConfig - KafkaAvroSerializerConfig values: 
	bearer.auth.token = [hidden]
	proxy.port = -1
	schema.reflection = false
	auto.register.schemas = true
	max.schemas.per.subject = 1000
	basic.auth.credentials.source = URL
	value.subject.name.strategy = class io.confluent.kafka.serializers.subject.TopicNameStrategy
	schema.registry.url = [http://schema-registry:8081]
	basic.auth.user.info = [hidden]
	proxy.host = 
	use.latest.version = false
	schema.registry.basic.auth.user.info = [hidden]
	bearer.auth.credentials.source = STATIC_TOKEN
	key.subject.name.strategy = class io.confluent.kafka.serializers.subject.TopicNameStrategy

2021-07-18 14:59:26 [Twitter4J Async Dispatcher[0]] WARN  o.a.k.c.producer.ProducerConfig - The configuration 'internal.auto.downgrade.txn.commit' was supplied but isn't a known config.
2021-07-18 14:59:26 [Twitter4J Async Dispatcher[0]] INFO  o.a.kafka.common.utils.AppInfoParser - Kafka version: 2.5.1
2021-07-18 14:59:26 [Twitter4J Async Dispatcher[0]] INFO  o.a.kafka.common.utils.AppInfoParser - Kafka commitId: 0efa8fb0f4c73d92
2021-07-18 14:59:26 [Twitter4J Async Dispatcher[0]] INFO  o.a.kafka.common.utils.AppInfoParser - Kafka startTimeMs: 1626620366025
2021-07-18 14:59:26 [kafka-producer-network-thread | producer-1] INFO  org.apache.kafka.clients.Metadata - [Producer clientId=producer-1] Cluster ID: UQ4cyx4cTXyNPILvG94Yfw
2021-07-18 14:59:27 [Twitter4J Async Dispatcher[0]] INFO  c.m.d.t.t.k.s.l.TwitterKafkaStatusListener - Received status text RT @contempedia: #ReactNative - The Practical Guide [2021 Edition] | #udemy 

=> https://t.co/pN8nTTW8Rs

#mobileapps #ReactNative #Android? sending to Kafka topic twitter-topic
2021-07-18 14:59:27 [Twitter4J Async Dispatcher[0]] INFO  c.m.d.k.p.c.s.i.TwitterKafkaProducer - Sending message='{"userId": 1336432915941474305, "id": 1416774803906875398, "text": "RT @contempedia: #ReactNative - The Practical Guide [2021 Edition] | #udemy \n\n=> https://t.co/pN8nTTW8Rs\n\n#mobileapps #ReactNative #Android\u2026", "createdAt": 1626620410000}' to topic='twitter-topic'
2021-07-18 14:59:27 [Twitter4J Async Dispatcher[0]] INFO  c.m.d.t.t.k.s.l.TwitterKafkaStatusListener - Received status text RT @mytrashcode: No. 1058 programming meme #programmingjoke #code #coding #javascript #python #datascience #programming #programmer #joke #? sending to Kafka topic twitter-topic
2021-07-18 14:59:27 [Twitter4J Async Dispatcher[0]] INFO  c.m.d.k.p.c.s.i.TwitterKafkaProducer - Sending message='{"userId": 1336432915941474305, "id": 1416774811892817921, "text": "RT @mytrashcode: No. 1058 programming meme #programmingjoke #code #coding #javascript #python #datascience #programming #programmer #joke #\u2026", "createdAt": 1626620412000}' to topic='twitter-topic'
2021-07-18 14:59:27 [kafka-producer-network-thread | producer-1] DEBUG c.m.d.k.p.c.s.i.TwitterKafkaProducer - Received new metadata. Topic: twitter-topic; Partition: 0, Offset: 0; Timestamp: 1626620366117, at time: 206324031404900
2021-07-18 14:59:27 [kafka-producer-network-thread | producer-1] DEBUG c.m.d.k.p.c.s.i.TwitterKafkaProducer - Received new metadata. Topic: twitter-topic; Partition: 0, Offset: 1; Timestamp: 1626620367562, at time: 206324127849700
2021-07-18 14:59:28 [kafka-producer-network-thread | producer-1] DEBUG c.m.d.k.p.c.s.i.TwitterKafkaProducer - Received new metadata. Topic: twitter-topic; Partition: 0, Offset: 2; Timestamp: 1626620367617, at time: 206324160789800
2021-07-18 14:59:29 [Twitter4J Async Dispatcher[0]] INFO  c.m.d.t.t.k.s.l.TwitterKafkaStatusListener - Received status text Architecting a Highly Available Serverless, Microservices-Based Ecommerce?Site https://t.co/vZEpeJ2S8R sending to Kafka topic twitter-topic
2021-07-18 14:59:29 [Twitter4J Async Dispatcher[0]] INFO  c.m.d.k.p.c.s.i.TwitterKafkaProducer - Sending message='{"userId": 477277959, "id": 1416774821652873219, "text": "Architecting a Highly Available Serverless, Microservices-Based Ecommerce?Site https://t.co/vZEpeJ2S8R", "createdAt": 1626620414000}' to topic='twitter-topic'
2021-07-18 14:59:29 [kafka-producer-network-thread | producer-1] DEBUG c.m.d.k.p.c.s.i.TwitterKafkaProducer - Received new metadata. Topic: twitter-topic; Partition: 0, Offset: 3; Timestamp: 1626620369863, at time: 206326014237200
2021-07-18 14:59:30 [Twitter4J Async Dispatcher[0]] INFO  c.m.d.t.t.k.s.l.TwitterKafkaStatusListener - Received status text RT @gp_pulipaka: Top Reading List for Geeks in ML, #Mathematics. #BigData #Analytics #DataScience #IoT #IIoT #PyTorch #Python #RStats #Tens? sending to Kafka topic twitter-topic
2021-07-18 14:59:30 [Twitter4J Async Dispatcher[0]] INFO  c.m.d.k.p.c.s.i.TwitterKafkaProducer - Sending message='{"userId": 971620109197312000, "id": 1416774825213939719, "text": "RT @gp_pulipaka: Top Reading List for Geeks in ML, #Mathematics. #BigData #Analytics #DataScience #IoT #IIoT #PyTorch #Python #RStats #Tens\u2026", "createdAt": 1626620415000}' to topic='twitter-topic'
2021-07-18 14:59:30 [Twitter4J Async Dispatcher[0]] INFO  c.m.d.t.t.k.s.l.TwitterKafkaStatusListener - Received status text RT @gp_pulipaka: Top Reading List for Geeks in ML, #Mathematics. #BigData #Analytics #DataScience #IoT #IIoT #PyTorch #Python #RStats #Tens? sending to Kafka topic twitter-topic
2021-07-18 14:59:30 [Twitter4J Async Dispatcher[0]] INFO  c.m.d.k.p.c.s.i.TwitterKafkaProducer - Sending message='{"userId": 1382032616824651777, "id": 1416774825259962376, "text": "RT @gp_pulipaka: Top Reading List for Geeks in ML, #Mathematics. #BigData #Analytics #DataScience #IoT #IIoT #PyTorch #Python #RStats #Tens\u2026", "createdAt": 1626620415000}' to topic='twitter-topic'
2021-07-18 14:59:30 [kafka-producer-network-thread | producer-1] DEBUG c.m.d.k.p.c.s.i.TwitterKafkaProducer - Received new metadata. Topic: twitter-topic; Partition: 0, Offset: 4; Timestamp: 1626620370745, at time: 206326906412300
2021-07-18 14:59:30 [Twitter4J Async Dispatcher[0]] INFO  c.m.d.t.t.k.s.l.TwitterKafkaStatusListener - Received status text RT @gp_pulipaka: Top Reading List for Geeks in ML, #Mathematics. #BigData #Analytics #DataScience #IoT #IIoT #PyTorch #Python #RStats #Tens? sending to Kafka topic twitter-topic
2021-07-18 14:59:30 [Twitter4J Async Dispatcher[0]] INFO  c.m.d.k.p.c.s.i.TwitterKafkaProducer - Sending message='{"userId": 1092753985679835136, "id": 1416774825364840452, "text": "RT @gp_pulipaka: Top Reading List for Geeks in ML, #Mathematics. #BigData #Analytics #DataScience #IoT #IIoT #PyTorch #Python #RStats #Tens\u2026", "createdAt": 1626620415000}' to topic='twitter-topic'
2021-07-18 14:59:30 [kafka-producer-network-thread | producer-1] DEBUG c.m.d.k.p.c.s.i.TwitterKafkaProducer - Received new metadata. Topic: twitter-topic; Partition: 1, Offset: 0; Timestamp: 1626620370779, at time: 206327044288300
2021-07-18 14:59:30 [kafka-producer-network-thread | producer-1] DEBUG c.m.d.k.p.c.s.i.TwitterKafkaProducer - Received new metadata. Topic: twitter-topic; Partition: 1, Offset: 1; Timestamp: 1626620370793, at time: 206327046342900
2021-07-18 14:59:31 [Twitter4J Async Dispatcher[0]] INFO  c.m.d.t.t.k.s.l.TwitterKafkaStatusListener - Received status text RT @mytrashcode: No. 1058 programming meme #programmingjoke #code #coding #javascript #python #datascience #programming #programmer #joke #? sending to Kafka topic twitter-topic
2021-07-18 14:59:31 [Twitter4J Async Dispatcher[0]] INFO  c.m.d.k.p.c.s.i.TwitterKafkaProducer - Sending message='{"userId": 1337430590241562626, "id": 1416774826639847424, "text": "RT @mytrashcode: No. 1058 programming meme #programmingjoke #code #coding #javascript #python #datascience #programming #programmer #joke #\u2026", "createdAt": 1626620415000}' to topic='twitter-topic'
2021-07-18 14:59:31 [kafka-producer-network-thread | producer-1] DEBUG c.m.d.k.p.c.s.i.TwitterKafkaProducer - Received new metadata. Topic: twitter-topic; Partition: 1, Offset: 2; Timestamp: 1626620371068, at time: 206327215046900
2021-07-18 14:59:33 [Twitter4J Async Dispatcher[0]] INFO  c.m.d.t.t.k.s.l.TwitterKafkaStatusListener - Received status text RT @gp_pulipaka: Top Reading List for Geeks in ML, #Mathematics. #BigData #Analytics #DataScience #IoT #IIoT #PyTorch #Python #RStats #Tens? sending to Kafka topic twitter-topic
2021-07-18 14:59:33 [Twitter4J Async Dispatcher[0]] INFO  c.m.d.k.p.c.s.i.TwitterKafkaProducer - Sending message='{"userId": 1336432915941474305, "id": 1416774836907560963, "text": "RT @gp_pulipaka: Top Reading List for Geeks in ML, #Mathematics. #BigData #Analytics #DataScience #IoT #IIoT #PyTorch #Python #RStats #Tens\u2026", "createdAt": 1626620418000}' to topic='twitter-topic'
2021-07-18 14:59:33 [kafka-producer-network-thread | producer-1] DEBUG c.m.d.k.p.c.s.i.TwitterKafkaProducer - Received new metadata. Topic: twitter-topic; Partition: 0, Offset: 5; Timestamp: 1626620373543, at time: 206329703770900
2021-07-18 14:59:34 [Twitter4J Async Dispatcher[0]] INFO  c.m.d.t.t.k.s.l.TwitterKafkaStatusListener - Received status text RT @gp_pulipaka: Top Reading List for Geeks in ML, #Mathematics. #BigData #Analytics #DataScience #IoT #IIoT #PyTorch #Python #RStats #Tens? sending to Kafka topic twitter-topic
2021-07-18 14:59:34 [Twitter4J Async Dispatcher[0]] INFO  c.m.d.k.p.c.s.i.TwitterKafkaProducer - Sending message='{"userId": 1364497572509880322, "id": 1416774839948480516, "text": "RT @gp_pulipaka: Top Reading List for Geeks in ML, #Mathematics. #BigData #Analytics #DataScience #IoT #IIoT #PyTorch #Python #RStats #Tens\u2026", "createdAt": 1626620418000}' to topic='twitter-topic'
2021-07-18 14:59:34 [kafka-producer-network-thread | producer-1] DEBUG c.m.d.k.p.c.s.i.TwitterKafkaProducer - Received new metadata. Topic: twitter-topic; Partition: 2, Offset: 0; Timestamp: 1626620374275, at time: 206330511309100
2021-07-18 14:59:34 [Twitter4J Async Dispatcher[0]] INFO  c.m.d.t.t.k.s.l.TwitterKafkaStatusListener - Received status text RT @gp_pulipaka: Top Reading List for Geeks in ML, #Mathematics. #BigData #Analytics #DataScience #IoT #IIoT #PyTorch #Python #RStats #Tens? sending to Kafka topic twitter-topic
2021-07-18 14:59:34 [Twitter4J Async Dispatcher[0]] INFO  c.m.d.k.p.c.s.i.TwitterKafkaProducer - Sending message='{"userId": 4908885163, "id": 1416774842733400067, "text": "RT @gp_pulipaka: Top Reading List for Geeks in ML, #Mathematics. #BigData #Analytics #DataScience #IoT #IIoT #PyTorch #Python #RStats #Tens\u2026", "createdAt": 1626620419000}' to topic='twitter-topic'
2021-07-18 14:59:34 [kafka-producer-network-thread | producer-1] DEBUG c.m.d.k.p.c.s.i.TwitterKafkaProducer - Received new metadata. Topic: twitter-topic; Partition: 0, Offset: 6; Timestamp: 1626620374921, at time: 206331075959400
2021-07-18 14:59:35 [Twitter4J Async Dispatcher[0]] INFO  c.m.d.t.t.k.s.l.TwitterKafkaStatusListener - Received status text RT @UdiDahan: Let me wrap this up:

Avoid orchestrating multiple business-oriented microservices with process-manager-y things. That result? sending to Kafka topic twitter-topic
2021-07-18 14:59:35 [Twitter4J Async Dispatcher[0]] INFO  c.m.d.k.p.c.s.i.TwitterKafkaProducer - Sending message='{"userId": 11663732, "id": 1416774846072213514, "text": "RT @UdiDahan: Let me wrap this up:\n\nAvoid orchestrating multiple business-oriented microservices with process-manager-y things. That result\u2026", "createdAt": 1626620420000}' to topic='twitter-topic'
2021-07-18 14:59:35 [kafka-producer-network-thread | producer-1] DEBUG c.m.d.k.p.c.s.i.TwitterKafkaProducer - Received new metadata. Topic: twitter-topic; Partition: 2, Offset: 1; Timestamp: 1626620375722, at time: 206331879933800
2021-07-18 14:59:37 [Twitter4J Async Dispatcher[0]] INFO  c.m.d.t.t.k.s.l.TwitterKafkaStatusListener - Received status text RT @zaty_Akiyama: ???Java?????????

????????????????????????????????

??????????????????

#??????????????? 
#?????????? 
#????????? 
#?????? sending to Kafka topic twitter-topic
2021-07-18 14:59:37 [Twitter4J Async Dispatcher[0]] INFO  c.m.d.k.p.c.s.i.TwitterKafkaProducer - Sending message='{"userId": 886511297960984576, "id": 1416774854389366786, "text": "RT @zaty_Akiyama: ???Java?????????\n\n????????????????????????????????\n\n??????????????????\n\n#??????????????? \n#?????????? \n#????????? \n#?????\u2026", "createdAt": 1626620422000}' to topic='twitter-topic'
2021-07-18 14:59:37 [kafka-producer-network-thread | producer-1] DEBUG c.m.d.k.p.c.s.i.TwitterKafkaProducer - Received new metadata. Topic: twitter-topic; Partition: 2, Offset: 2; Timestamp: 1626620377724, at time: 206333896587500
2021-07-18 14:59:40 [Twitter4J Async Dispatcher[0]] INFO  c.m.d.t.t.k.s.l.TwitterKafkaStatusListener - Received status text SCNetx partners with AWS to offer elastic, on-demand infrastructure resources and tooling ?? designed to support continuous integration and delivery, infrastructure as code, microservices, and monitoring & logging.
#devops #aws #awscloud https://t.co/zp66Agwbk9 sending to Kafka topic twitter-topic
2021-07-18 14:59:40 [Twitter4J Async Dispatcher[0]] INFO  c.m.d.k.p.c.s.i.TwitterKafkaProducer - Sending message='{"userId": 3039538241, "id": 1416774865709932546, "text": "SCNetx partners with AWS to offer elastic, on-demand infrastructure resources and tooling ?? designed to support continuous integration and delivery, infrastructure as code, microservices, and monitoring & logging.\n#devops #aws #awscloud https://t.co/zp66Agwbk9", "createdAt": 1626620425000}' to topic='twitter-topic'
2021-07-18 14:59:40 [kafka-producer-network-thread | producer-1] DEBUG c.m.d.k.p.c.s.i.TwitterKafkaProducer - Received new metadata. Topic: twitter-topic; Partition: 2, Offset: 3; Timestamp: 1626620380463, at time: 206336630562800
2021-07-18 14:59:41 [Twitter4J Async Dispatcher[0]] INFO  c.m.d.t.t.k.s.l.TwitterKafkaStatusListener - Received status text ??????????????
Java???????? sending to Kafka topic twitter-topic
2021-07-18 14:59:41 [Twitter4J Async Dispatcher[0]] INFO  c.m.d.k.p.c.s.i.TwitterKafkaProducer - Sending message='{"userId": 1158399825055846400, "id": 1416774870310866948, "text": "??????????????\nJava????????", "createdAt": 1626620426000}' to topic='twitter-topic'
2021-07-18 14:59:41 [kafka-producer-network-thread | producer-1] DEBUG c.m.d.k.p.c.s.i.TwitterKafkaProducer - Received new metadata. Topic: twitter-topic; Partition: 2, Offset: 4; Timestamp: 1626620381465, at time: 206337632489700
2021-07-18 14:59:43 [Twitter4J Async Dispatcher[0]] INFO  c.m.d.t.t.k.s.l.TwitterKafkaStatusListener - Received status text RT @gp_pulipaka: Top Reading List for Geeks in ML, #Mathematics. #BigData #Analytics #DataScience #IoT #IIoT #PyTorch #Python #RStats #Tens? sending to Kafka topic twitter-topic
2021-07-18 14:59:43 [Twitter4J Async Dispatcher[0]] INFO  c.m.d.k.p.c.s.i.TwitterKafkaProducer - Sending message='{"userId": 949311959735791616, "id": 1416774877382471681, "text": "RT @gp_pulipaka: Top Reading List for Geeks in ML, #Mathematics. #BigData #Analytics #DataScience #IoT #IIoT #PyTorch #Python #RStats #Tens\u2026", "createdAt": 1626620427000}' to topic='twitter-topic'
2021-07-18 14:59:43 [kafka-producer-network-thread | producer-1] DEBUG c.m.d.k.p.c.s.i.TwitterKafkaProducer - Received new metadata. Topic: twitter-topic; Partition: 2, Offset: 5; Timestamp: 1626620383153, at time: 206339326388800
2021-07-18 14:59:45 [Twitter4J Async Dispatcher[0]] INFO  c.m.d.t.t.k.s.l.TwitterKafkaStatusListener - Received status text @11tulips Insanity. Did Kafka write this script? sending to Kafka topic twitter-topic
2021-07-18 14:59:45 [Twitter4J Async Dispatcher[0]] INFO  c.m.d.k.p.c.s.i.TwitterKafkaProducer - Sending message='{"userId": 726012092, "id": 1416774887163584512, "text": "@11tulips Insanity. Did Kafka write this script?", "createdAt": 1626620430000}' to topic='twitter-topic'
2021-07-18 14:59:45 [kafka-producer-network-thread | producer-1] DEBUG c.m.d.k.p.c.s.i.TwitterKafkaProducer - Received new metadata. Topic: twitter-topic; Partition: 2, Offset: 6; Timestamp: 1626620385487, at time: 206341649034200
2021-07-18 14:59:48 [Twitter4J Async Dispatcher[0]] INFO  c.m.d.t.t.k.s.l.TwitterKafkaStatusListener - Received status text RT @gp_pulipaka: Top Reading List for Geeks in ML, #Mathematics. #BigData #Analytics #DataScience #IoT #IIoT #PyTorch #Python #RStats #Tens? sending to Kafka topic twitter-topic
2021-07-18 14:59:48 [Twitter4J Async Dispatcher[0]] INFO  c.m.d.k.p.c.s.i.TwitterKafkaProducer - Sending message='{"userId": 1127829883013361665, "id": 1416774900522618885, "text": "RT @gp_pulipaka: Top Reading List for Geeks in ML, #Mathematics. #BigData #Analytics #DataScience #IoT #IIoT #PyTorch #Python #RStats #Tens\u2026", "createdAt": 1626620433000}' to topic='twitter-topic'
2021-07-18 14:59:48 [kafka-producer-network-thread | producer-1] DEBUG c.m.d.k.p.c.s.i.TwitterKafkaProducer - Received new metadata. Topic: twitter-topic; Partition: 0, Offset: 7; Timestamp: 1626620388746, at time: 206344978443200
2021-07-18 14:59:49 [Twitter4J Async Dispatcher[0]] INFO  c.m.d.t.t.k.s.l.TwitterKafkaStatusListener - Received status text RT @gp_pulipaka: Top Reading List for Geeks in ML, #Mathematics. #BigData #Analytics #DataScience #IoT #IIoT #PyTorch #Python #RStats #Tens? sending to Kafka topic twitter-topic
2021-07-18 14:59:49 [Twitter4J Async Dispatcher[0]] INFO  c.m.d.k.p.c.s.i.TwitterKafkaProducer - Sending message='{"userId": 1331320133654962176, "id": 1416774902661664768, "text": "RT @gp_pulipaka: Top Reading List for Geeks in ML, #Mathematics. #BigData #Analytics #DataScience #IoT #IIoT #PyTorch #Python #RStats #Tens\u2026", "createdAt": 1626620433000}' to topic='twitter-topic'
2021-07-18 14:59:49 [Twitter4J Async Dispatcher[0]] INFO  c.m.d.t.t.k.s.l.TwitterKafkaStatusListener - Received status text RT @mytrashcode: No. 1058 programming meme #programmingjoke #code #coding #javascript #python #datascience #programming #programmer #joke #? sending to Kafka topic twitter-topic
2021-07-18 14:59:49 [Twitter4J Async Dispatcher[0]] INFO  c.m.d.k.p.c.s.i.TwitterKafkaProducer - Sending message='{"userId": 1331320133654962176, "id": 1416774902846304259, "text": "RT @mytrashcode: No. 1058 programming meme #programmingjoke #code #coding #javascript #python #datascience #programming #programmer #joke #\u2026", "createdAt": 1626620433000}' to topic='twitter-topic'
2021-07-18 14:59:49 [kafka-producer-network-thread | producer-1] DEBUG c.m.d.k.p.c.s.i.TwitterKafkaProducer - Received new metadata. Topic: twitter-topic; Partition: 2, Offset: 7; Timestamp: 1626620389349, at time: 206345616804300
2021-07-18 14:59:49 [kafka-producer-network-thread | producer-1] DEBUG c.m.d.k.p.c.s.i.TwitterKafkaProducer - Received new metadata. Topic: twitter-topic; Partition: 2, Offset: 8; Timestamp: 1626620389435, at time: 206345689352100
2021-07-18 14:59:49 [Twitter4J Async Dispatcher[0]] INFO  c.m.d.t.t.k.s.l.TwitterKafkaStatusListener - Received status text RT @gp_pulipaka: DiffGrad: An Optimizer for CNNs. #BigData #Analytics #DataScience #AI #MachineLearning #IoT #IIoT #PyTorch #Python #RStats? sending to Kafka topic twitter-topic
2021-07-18 14:59:49 [Twitter4J Async Dispatcher[0]] INFO  c.m.d.k.p.c.s.i.TwitterKafkaProducer - Sending message='{"userId": 985425300292022273, "id": 1416774903978622976, "text": "RT @gp_pulipaka: DiffGrad: An Optimizer for CNNs. #BigData #Analytics #DataScience #AI #MachineLearning #IoT #IIoT #PyTorch #Python #RStats\u2026", "createdAt": 1626620434000}' to topic='twitter-topic'
2021-07-18 14:59:49 [kafka-producer-network-thread | producer-1] DEBUG c.m.d.k.p.c.s.i.TwitterKafkaProducer - Received new metadata. Topic: twitter-topic; Partition: 1, Offset: 3; Timestamp: 1626620389607, at time: 206346002934900
2021-07-18 14:59:52 [Twitter4J Async Dispatcher[0]] INFO  c.m.d.t.t.k.s.l.TwitterKafkaStatusListener - Received status text RT @gp_pulipaka: Top Reading List for Geeks in ML, #Mathematics. #BigData #Analytics #DataScience #IoT #IIoT #PyTorch #Python #RStats #Tens? sending to Kafka topic twitter-topic
2021-07-18 14:59:52 [Twitter4J Async Dispatcher[0]] INFO  c.m.d.k.p.c.s.i.TwitterKafkaProducer - Sending message='{"userId": 985425300292022273, "id": 1416774915814944775, "text": "RT @gp_pulipaka: Top Reading List for Geeks in ML, #Mathematics. #BigData #Analytics #DataScience #IoT #IIoT #PyTorch #Python #RStats #Tens\u2026", "createdAt": 1626620436000}' to topic='twitter-topic'
2021-07-18 14:59:52 [kafka-producer-network-thread | producer-1] DEBUG c.m.d.k.p.c.s.i.TwitterKafkaProducer - Received new metadata. Topic: twitter-topic; Partition: 1, Offset: 4; Timestamp: 1626620392398, at time: 206348742085200
2021-07-18 14:59:54 [Twitter4J Async Dispatcher[0]] INFO  c.m.d.t.t.k.s.l.TwitterKafkaStatusListener - Received status text RT @koyabaII: https://t.co/eIPwjooB9Y sending to Kafka topic twitter-topic
2021-07-18 14:59:54 [Twitter4J Async Dispatcher[0]] INFO  c.m.d.k.p.c.s.i.TwitterKafkaProducer - Sending message='{"userId": 1113172307462172672, "id": 1416774923909951493, "text": "RT @koyabaII: https://t.co/eIPwjooB9Y", "createdAt": 1626620438000}' to topic='twitter-topic'
2021-07-18 14:59:54 [kafka-producer-network-thread | producer-1] DEBUG c.m.d.k.p.c.s.i.TwitterKafkaProducer - Received new metadata. Topic: twitter-topic; Partition: 2, Offset: 9; Timestamp: 1626620394397, at time: 206350588868500
2021-07-18 15:00:00 [Twitter4J Async Dispatcher[0]] INFO  c.m.d.t.t.k.s.l.TwitterKafkaStatusListener - Received status text RT @28sokak: Franz Kafka?n?n da dedi?i gibi ??pek ?ok ?eyin bamba?ka olmas?n? isterdim.?? sending to Kafka topic twitter-topic
2021-07-18 15:00:00 [Twitter4J Async Dispatcher[0]] INFO  c.m.d.k.p.c.s.i.TwitterKafkaProducer - Sending message='{"userId": 1089568616880750598, "id": 1416774949583339525, "text": "RT @28sokak: Franz Kafka\u2019n?n da dedi?i gibi \u2018\u2019pek ?ok ?eyin bamba?ka olmas?n? isterdim.\u2019\u2019", "createdAt": 1626620445000}' to topic='twitter-topic'
2021-07-18 15:00:00 [kafka-producer-network-thread | producer-1] DEBUG c.m.d.k.p.c.s.i.TwitterKafkaProducer - Received new metadata. Topic: twitter-topic; Partition: 0, Offset: 8; Timestamp: 1626620400386, at time: 206356557321400
2021-07-18 15:00:04 [Twitter4J Async Dispatcher[0]] INFO  c.m.d.t.t.k.s.l.TwitterKafkaStatusListener - Received status text RT @koyabaII: https://t.co/eIPwjooB9Y sending to Kafka topic twitter-topic
2021-07-18 15:00:04 [Twitter4J Async Dispatcher[0]] INFO  c.m.d.k.p.c.s.i.TwitterKafkaProducer - Sending message='{"userId": 1084616075763957760, "id": 1416774964800151554, "text": "RT @koyabaII: https://t.co/eIPwjooB9Y", "createdAt": 1626620448000}' to topic='twitter-topic'
2021-07-18 15:00:04 [kafka-producer-network-thread | producer-1] DEBUG c.m.d.k.p.c.s.i.TwitterKafkaProducer - Received new metadata. Topic: twitter-topic; Partition: 0, Offset: 9; Timestamp: 1626620404127, at time: 206360272758100
2021-07-18 15:00:04 [Twitter4J Async Dispatcher[0]] INFO  c.m.d.t.t.k.s.l.TwitterKafkaStatusListener - Received status text RT @mkarg: Don't miss my next #Java LIVE SHOW on Friday 20:00 CET, this time with #JVM/#OpenJDK hacker and Shenandoah GC lead @rkennke! htt? sending to Kafka topic twitter-topic
2021-07-18 15:00:04 [Twitter4J Async Dispatcher[0]] INFO  c.m.d.k.p.c.s.i.TwitterKafkaProducer - Sending message='{"userId": 282739245, "id": 1416774967023243266, "text": "RT @mkarg: Don't miss my next #Java LIVE SHOW on Friday 20:00 CET, this time with #JVM/#OpenJDK hacker and Shenandoah GC lead @rkennke! htt\u2026", "createdAt": 1626620449000}' to topic='twitter-topic'
2021-07-18 15:00:04 [kafka-producer-network-thread | producer-1] DEBUG c.m.d.k.p.c.s.i.TwitterKafkaProducer - Received new metadata. Topic: twitter-topic; Partition: 0, Offset: 10; Timestamp: 1626620404552, at time: 206360698044400
2021-07-18 15:00:11 [Twitter4J Async Dispatcher[0]] INFO  c.m.d.t.t.k.s.l.TwitterKafkaStatusListener - Received status text RT @literlandweb1: "Kafka en la orilla"
#Murakami https://t.co/lfxLWpv1Z5 sending to Kafka topic twitter-topic
2021-07-18 15:00:11 [Twitter4J Async Dispatcher[0]] INFO  c.m.d.k.p.c.s.i.TwitterKafkaProducer - Sending message='{"userId": 1977533750, "id": 1416774997268369414, "text": "RT @literlandweb1: \"Kafka en la orilla\"\n#Murakami https://t.co/lfxLWpv1Z5", "createdAt": 1626620456000}' to topic='twitter-topic'
2021-07-18 15:00:11 [kafka-producer-network-thread | producer-1] DEBUG c.m.d.k.p.c.s.i.TwitterKafkaProducer - Received new metadata. Topic: twitter-topic; Partition: 0, Offset: 11; Timestamp: 1626620411694, at time: 206367845807600
2021-07-18 15:00:11 [Twitter4J Async Dispatcher[0]] INFO  c.m.d.t.t.k.s.l.TwitterKafkaStatusListener - Received status text RT @SupraHumanoBand: ?Los ni?os son gente seria y no conocen lo imposible?
? Franz Kafka. sending to Kafka topic twitter-topic
2021-07-18 15:00:11 [Twitter4J Async Dispatcher[0]] INFO  c.m.d.k.p.c.s.i.TwitterKafkaProducer - Sending message='{"userId": 127876887, "id": 1416774998367293443, "text": "RT @SupraHumanoBand: ?Los ni?os son gente seria y no conocen lo imposible?\n\u2014 Franz Kafka.", "createdAt": 1626620456000}' to topic='twitter-topic'
2021-07-18 15:00:11 [kafka-producer-network-thread | producer-1] DEBUG c.m.d.k.p.c.s.i.TwitterKafkaProducer - Received new metadata. Topic: twitter-topic; Partition: 2, Offset: 10; Timestamp: 1626620411970, at time: 206368117419600
2021-07-18 15:00:13 [Twitter4J Async Dispatcher[0]] INFO  c.m.d.t.t.k.s.l.TwitterKafkaStatusListener - Received status text @RogueRxyce Not sure how to send you a cup of java, I'm not too smart. Link? Until then: https://t.co/bRIbQXjJzu sending to Kafka topic twitter-topic
2021-07-18 15:00:13 [Twitter4J Async Dispatcher[0]] INFO  c.m.d.k.p.c.s.i.TwitterKafkaProducer - Sending message='{"userId": 1247837092077543424, "id": 1416775003765420034, "text": "@RogueRxyce Not sure how to send you a cup of java, I'm not too smart. Link? Until then: https://t.co/bRIbQXjJzu", "createdAt": 1626620457000}' to topic='twitter-topic'
2021-07-18 15:00:13 [kafka-producer-network-thread | producer-1] DEBUG c.m.d.k.p.c.s.i.TwitterKafkaProducer - Received new metadata. Topic: twitter-topic; Partition: 0, Offset: 12; Timestamp: 1626620413327, at time: 206369473170900
2021-07-18 15:00:14 [Twitter4J Async Dispatcher[0]] INFO  c.m.d.t.t.k.s.l.TwitterKafkaStatusListener - Received status text RT @trasadasyu: Gold Sculpture of ?r? Vi??u, ca. 14th century, Majapahit empire, found in East Java. https://t.co/Sd599d7AjF sending to Kafka topic twitter-topic
2021-07-18 15:00:14 [Twitter4J Async Dispatcher[0]] INFO  c.m.d.k.p.c.s.i.TwitterKafkaProducer - Sending message='{"userId": 792949546812788737, "id": 1416775007359934469, "text": "RT @trasadasyu: Gold Sculpture of ?r? Vi??u, ca. 14th century, Majapahit empire, found in East Java. https://t.co/Sd599d7AjF", "createdAt": 1626620458000}' to topic='twitter-topic'
2021-07-18 15:00:14 [kafka-producer-network-thread | producer-1] DEBUG c.m.d.k.p.c.s.i.TwitterKafkaProducer - Received new metadata. Topic: twitter-topic; Partition: 1, Offset: 5; Timestamp: 1626620414150, at time: 206370296446200
2021-07-18 15:00:15 [Twitter4J Async Dispatcher[0]] INFO  c.m.d.t.t.k.s.l.TwitterKafkaStatusListener - Received status text @DataMozart TBH I felt a lot of education still has to be done regarding  #PowerBI especially when I hear project managers claim they chose PBI mainly to be able to display some graphic viz charts in an upcoming Java web app...(Me:Is that it!!? sigh) Yup that pretty much resumes out needs???? sending to Kafka topic twitter-topic
2021-07-18 15:00:15 [Twitter4J Async Dispatcher[0]] INFO  c.m.d.k.p.c.s.i.TwitterKafkaProducer - Sending message='{"userId": 188453108, "id": 1416775014855159812, "text": "@DataMozart TBH I felt a lot of education still has to be done regarding  #PowerBI especially when I hear project managers claim they chose PBI mainly to be able to display some graphic viz charts in an upcoming Java web app...(Me:Is that it!!? sigh) Yup that pretty much resumes out needs?\u200D??", "createdAt": 1626620460000}' to topic='twitter-topic'
2021-07-18 15:00:15 [kafka-producer-network-thread | producer-1] DEBUG c.m.d.k.p.c.s.i.TwitterKafkaProducer - Received new metadata. Topic: twitter-topic; Partition: 0, Offset: 13; Timestamp: 1626620415978, at time: 206372122878600
2021-07-18 15:00:22 [Twitter4J Async Dispatcher[0]] INFO  c.m.d.t.t.k.s.l.TwitterKafkaStatusListener - Received status text @Fukushou_SB ??Java?? sending to Kafka topic twitter-topic
2021-07-18 15:00:22 [Twitter4J Async Dispatcher[0]] INFO  c.m.d.k.p.c.s.i.TwitterKafkaProducer - Sending message='{"userId": 1049976790955880448, "id": 1416775044173234185, "text": "@Fukushou_SB ??Java??", "createdAt": 1626620467000}' to topic='twitter-topic'
2021-07-18 15:00:22 [kafka-producer-network-thread | producer-1] DEBUG c.m.d.k.p.c.s.i.TwitterKafkaProducer - Received new metadata. Topic: twitter-topic; Partition: 1, Offset: 6; Timestamp: 1626620422957, at time: 206379101595300
2021-07-18 15:00:25 [Twitter4J Async Dispatcher[0]] INFO  c.m.d.t.t.k.s.l.TwitterKafkaStatusListener - Received status text Gws kafka https://t.co/flGnlPYWhr sending to Kafka topic twitter-topic
2021-07-18 15:00:25 [Twitter4J Async Dispatcher[0]] INFO  c.m.d.k.p.c.s.i.TwitterKafkaProducer - Sending message='{"userId": 1343076716575477761, "id": 1416775052855365637, "text": "Gws kafka https://t.co/flGnlPYWhr", "createdAt": 1626620469000}' to topic='twitter-topic'
2021-07-18 15:00:25 [kafka-producer-network-thread | producer-1] DEBUG c.m.d.k.p.c.s.i.TwitterKafkaProducer - Received new metadata. Topic: twitter-topic; Partition: 1, Offset: 7; Timestamp: 1626620425192, at time: 206381335595400
2021-07-18 15:00:28 [Twitter4J Async Dispatcher[0]] INFO  c.m.d.t.t.k.s.l.TwitterKafkaStatusListener - Received status text @TVkachu_ Hive: Polished games and well known pvp mechanics
Cubecraft:  Major European audience, has the most minigames with decent player count in all.
Lifeboat:Lag
Galaxite: Khronos game and the car game
Inpvp: roleplay p2a
mineplex: old java server which came to BE sending to Kafka topic twitter-topic
2021-07-18 15:00:28 [Twitter4J Async Dispatcher[0]] INFO  c.m.d.k.p.c.s.i.TwitterKafkaProducer - Sending message='{"userId": 1105141980261240833, "id": 1416775065752854528, "text": "@TVkachu_ Hive: Polished games and well known pvp mechanics\nCubecraft:  Major European audience, has the most minigames with decent player count in all.\nLifeboat:Lag\nGalaxite: Khronos game and the car game\nInpvp: roleplay p2a\nmineplex: old java server which came to BE", "createdAt": 1626620472000}' to topic='twitter-topic'
2021-07-18 15:00:28 [kafka-producer-network-thread | producer-1] DEBUG c.m.d.k.p.c.s.i.TwitterKafkaProducer - Received new metadata. Topic: twitter-topic; Partition: 0, Offset: 14; Timestamp: 1626620428169, at time: 206384314193200
2021-07-18 15:00:28 [Twitter4J Async Dispatcher[0]] INFO  c.m.d.t.t.k.s.l.TwitterKafkaStatusListener - Received status text Java from Zero to First Job - Practical Guide, 600+ examples

30 Hours Free Java Course

@java
 
@JavaProgram_  @JavaProgramming @JavaProgrammin 

https://t.co/hgX1vqse2W sending to Kafka topic twitter-topic
2021-07-18 15:00:28 [Twitter4J Async Dispatcher[0]] INFO  c.m.d.k.p.c.s.i.TwitterKafkaProducer - Sending message='{"userId": 846322651538903041, "id": 1416775066570817536, "text": "Java from Zero to First Job - Practical Guide, 600+ examples\n\n30 Hours Free Java Course\n\n@java\n \n@JavaProgram_  @JavaProgramming @JavaProgrammin \n\nhttps://t.co/hgX1vqse2W", "createdAt": 1626620472000}' to topic='twitter-topic'
2021-07-18 15:00:28 [kafka-producer-network-thread | producer-1] DEBUG c.m.d.k.p.c.s.i.TwitterKafkaProducer - Received new metadata. Topic: twitter-topic; Partition: 2, Offset: 11; Timestamp: 1626620428295, at time: 206384446388600
2021-07-18 15:00:30 [Twitter4J Async Dispatcher[0]] INFO  c.m.d.t.t.k.s.l.TwitterKafkaStatusListener - Received status text "Multi-dimensional Test pyramid for microservices" is the talk from Shuqi Jiang! ?? 
She will speak about different kinds of integration tests of microservices and teach you how to find the right balance between manual and automated end-to-end tests. 
https://t.co/bLFjchtzvt https://t.co/waiUZUHLtR sending to Kafka topic twitter-topic
2021-07-18 15:00:30 [Twitter4J Async Dispatcher[0]] INFO  c.m.d.k.p.c.s.i.TwitterKafkaProducer - Sending message='{"userId": 81332124, "id": 1416775076624670721, "text": "\"Multi-dimensional Test pyramid for microservices\" is the talk from Shuqi Jiang! ?? \nShe will speak about different kinds of integration tests of microservices and teach you how to find the right balance between manual and automated end-to-end tests. \nhttps://t.co/bLFjchtzvt https://t.co/waiUZUHLtR", "createdAt": 1626620475000}' to topic='twitter-topic'
2021-07-18 15:00:30 [kafka-producer-network-thread | producer-1] DEBUG c.m.d.k.p.c.s.i.TwitterKafkaProducer - Received new metadata. Topic: twitter-topic; Partition: 0, Offset: 15; Timestamp: 1626620430751, at time: 206386906963700
2021-07-18 15:00:31 [Twitter4J Async Dispatcher[0]] INFO  c.m.d.t.t.k.s.l.TwitterKafkaStatusListener - Received status text RT @BOUND_TO_BEAT: @althenaksa Tak terasa, konser Sirius Glitz telah selesai, ditutup dengan penampilan dari semua pengisi acara yang kini? sending to Kafka topic twitter-topic
2021-07-18 15:00:31 [Twitter4J Async Dispatcher[0]] INFO  c.m.d.k.p.c.s.i.TwitterKafkaProducer - Sending message='{"userId": 976611122051612674, "id": 1416775078260338691, "text": "RT @BOUND_TO_BEAT: @althenaksa Tak terasa, konser Sirius Glitz telah selesai, ditutup dengan penampilan dari semua pengisi acara yang kini\u2026", "createdAt": 1626620475000}' to topic='twitter-topic'
2021-07-18 15:00:31 [kafka-producer-network-thread | producer-1] DEBUG c.m.d.k.p.c.s.i.TwitterKafkaProducer - Received new metadata. Topic: twitter-topic; Partition: 1, Offset: 8; Timestamp: 1626620431012, at time: 206387161669500
2021-07-18 15:00:34 [Twitter4J Async Dispatcher[0]] INFO  c.m.d.t.t.k.s.l.TwitterKafkaStatusListener - Received status text I checked in at Java Surf Cafe & Espresso Bar on #Yelp https://t.co/4RxD4Q9k4N sending to Kafka topic twitter-topic
2021-07-18 15:00:34 [Twitter4J Async Dispatcher[0]] INFO  c.m.d.k.p.c.s.i.TwitterKafkaProducer - Sending message='{"userId": 67086547, "id": 1416775091610738691, "text": "I checked in at Java Surf Cafe & Espresso Bar on #Yelp https://t.co/4RxD4Q9k4N", "createdAt": 1626620478000}' to topic='twitter-topic'
2021-07-18 15:00:34 [kafka-producer-network-thread | producer-1] DEBUG c.m.d.k.p.c.s.i.TwitterKafkaProducer - Received new metadata. Topic: twitter-topic; Partition: 2, Offset: 12; Timestamp: 1626620434234, at time: 206390381108100
2021-07-18 15:00:34 [Twitter4J Async Dispatcher[0]] INFO  c.m.d.t.t.k.s.l.TwitterKafkaStatusListener - Received status text @ver_kat @geekitarian Aside from everything else that's great about Java, other things that make it great for beginners:

- a wealth of training resources
- extensive, useful documentation sending to Kafka topic twitter-topic
2021-07-18 15:00:34 [Twitter4J Async Dispatcher[0]] INFO  c.m.d.k.p.c.s.i.TwitterKafkaProducer - Sending message='{"userId": 22469538, "id": 1416775093036933120, "text": "@ver_kat @geekitarian Aside from everything else that's great about Java, other things that make it great for beginners:\n\n- a wealth of training resources\n- extensive, useful documentation", "createdAt": 1626620479000}' to topic='twitter-topic'
2021-07-18 15:00:34 [kafka-producer-network-thread | producer-1] DEBUG c.m.d.k.p.c.s.i.TwitterKafkaProducer - Received new metadata. Topic: twitter-topic; Partition: 1, Offset: 9; Timestamp: 1626620434601, at time: 206390746543800
2021-07-18 15:00:35 [Twitter4J Async Dispatcher[0]] INFO  c.m.d.t.t.k.s.l.TwitterKafkaStatusListener - Received status text @Java74786104 java?????????? sending to Kafka topic twitter-topic
2021-07-18 15:00:35 [Twitter4J Async Dispatcher[0]] INFO  c.m.d.k.p.c.s.i.TwitterKafkaProducer - Sending message='{"userId": 1334362884894117890, "id": 1416775095888998406, "text": "@Java74786104 java??????????", "createdAt": 1626620479000}' to topic='twitter-topic'
2021-07-18 15:00:35 [kafka-producer-network-thread | producer-1] DEBUG c.m.d.k.p.c.s.i.TwitterKafkaProducer - Received new metadata. Topic: twitter-topic; Partition: 2, Offset: 13; Timestamp: 1626620435251, at time: 206391402041200
2021-07-18 15:00:35 [Twitter4J Async Dispatcher[0]] INFO  c.m.d.t.t.k.s.l.TwitterKafkaStatusListener - Received status text RT @indtravel: Ciletuh, West Java, looks like a fantasy world! Said to be the first land of the western Java Island, the Ciletuh Geopark fe? sending to Kafka topic twitter-topic
2021-07-18 15:00:35 [Twitter4J Async Dispatcher[0]] INFO  c.m.d.k.p.c.s.i.TwitterKafkaProducer - Sending message='{"userId": 1415747886126563328, "id": 1416775098741129220, "text": "RT @indtravel: Ciletuh, West Java, looks like a fantasy world! Said to be the first land of the western Java Island, the Ciletuh Geopark fe\u2026", "createdAt": 1626620480000}' to topic='twitter-topic'
2021-07-18 15:00:35 [kafka-producer-network-thread | producer-1] DEBUG c.m.d.k.p.c.s.i.TwitterKafkaProducer - Received new metadata. Topic: twitter-topic; Partition: 1, Offset: 10; Timestamp: 1626620435923, at time: 206392068708800
2021-07-18 15:00:38 [Twitter4J Async Dispatcher[0]] INFO  c.m.d.t.t.k.s.l.TwitterKafkaStatusListener - Received status text RT @Eli_Krumova: #Python #Books for #Engineers 2021
??https://t.co/j7iexMXSTE
v/ @gp_pulipaka

#DataScience #BigData #Analytics #AI #ML #DL? sending to Kafka topic twitter-topic
2021-07-18 15:00:38 [Twitter4J Async Dispatcher[0]] INFO  c.m.d.k.p.c.s.i.TwitterKafkaProducer - Sending message='{"userId": 75594277, "id": 1416775111370285060, "text": "RT @Eli_Krumova: #Python #Books for #Engineers 2021\n??https://t.co/j7iexMXSTE\nv/ @gp_pulipaka\n\n#DataScience #BigData #Analytics #AI #ML #DL\u2026", "createdAt": 1626620483000}' to topic='twitter-topic'
2021-07-18 15:00:39 [kafka-producer-network-thread | producer-1] DEBUG c.m.d.k.p.c.s.i.TwitterKafkaProducer - Received new metadata. Topic: twitter-topic; Partition: 0, Offset: 16; Timestamp: 1626620438996, at time: 206395140635700
2021-07-18 15:00:44 [Twitter4J Async Dispatcher[0]] INFO  c.m.d.t.t.k.s.l.TwitterKafkaStatusListener - Received status text RT @Eli_Krumova: #Python #Books for #Engineers 2021
??https://t.co/j7iexMXSTE
v/ @gp_pulipaka

#DataScience #BigData #Analytics #AI #ML #DL? sending to Kafka topic twitter-topic
2021-07-18 15:00:44 [Twitter4J Async Dispatcher[0]] INFO  c.m.d.k.p.c.s.i.TwitterKafkaProducer - Sending message='{"userId": 1336432915941474305, "id": 1416775135944663043, "text": "RT @Eli_Krumova: #Python #Books for #Engineers 2021\n??https://t.co/j7iexMXSTE\nv/ @gp_pulipaka\n\n#DataScience #BigData #Analytics #AI #ML #DL\u2026", "createdAt": 1626620489000}' to topic='twitter-topic'
2021-07-18 15:00:44 [kafka-producer-network-thread | producer-1] DEBUG c.m.d.k.p.c.s.i.TwitterKafkaProducer - Received new metadata. Topic: twitter-topic; Partition: 0, Offset: 17; Timestamp: 1626620444893, at time: 206401038019000
2021-07-18 15:00:59 [Twitter4J Async Dispatcher[0]] INFO  c.m.d.t.t.k.s.l.TwitterKafkaStatusListener - Received status text GeromeLivraison rapide et discret 
T?l?gram : 
Snap: vickopablo2021

#paris #citation #saintdenis #Python #Java #JavaScript  #ReactJS #Serverless #IoT #Linux #100DaysofCode #PSG #france #weed #beuh #shit #cocaine #drogue #nuitdebout #trappes #LOSC https://t.co/DcXv5FthOY sending to Kafka topic twitter-topic
2021-07-18 15:00:59 [Twitter4J Async Dispatcher[0]] INFO  c.m.d.k.p.c.s.i.TwitterKafkaProducer - Sending message='{"userId": 1416767329778688006, "id": 1416775196539764739, "text": "GeromeLivraison rapide et discret \nT?l?gram : \nSnap: vickopablo2021\n\n#paris #citation #saintdenis #Python #Java #JavaScript  #ReactJS #Serverless #IoT #Linux #100DaysofCode #PSG #france #weed #beuh #shit #cocaine #drogue #nuitdebout #trappes #LOSC https://t.co/DcXv5FthOY", "createdAt": 1626620503000}' to topic='twitter-topic'
2021-07-18 15:00:59 [kafka-producer-network-thread | producer-1] DEBUG c.m.d.k.p.c.s.i.TwitterKafkaProducer - Received new metadata. Topic: twitter-topic; Partition: 0, Offset: 18; Timestamp: 1626620459396, at time: 206415544267700
2021-07-18 15:01:04 [Twitter4J Async Dispatcher[0]] INFO  c.m.d.t.t.k.s.l.TwitterKafkaStatusListener - Received status text RT @Vicko66812737: GeromeLivraison rapide et discret 
T?l?gram : 
Snap: vickopablo2021

#paris #citation #saintdenis #Python #Java #JavaScr? sending to Kafka topic twitter-topic
2021-07-18 15:01:04 [Twitter4J Async Dispatcher[0]] INFO  c.m.d.k.p.c.s.i.TwitterKafkaProducer - Sending message='{"userId": 1243599300, "id": 1416775219314888708, "text": "RT @Vicko66812737: GeromeLivraison rapide et discret \nT?l?gram : \nSnap: vickopablo2021\n\n#paris #citation #saintdenis #Python #Java #JavaScr\u2026", "createdAt": 1626620509000}' to topic='twitter-topic'
2021-07-18 15:01:04 [kafka-producer-network-thread | producer-1] DEBUG c.m.d.k.p.c.s.i.TwitterKafkaProducer - Received new metadata. Topic: twitter-topic; Partition: 1, Offset: 11; Timestamp: 1626620464737, at time: 206420887595500
2021-07-18 15:01:08 [Twitter4J Async Dispatcher[0]] INFO  c.m.d.t.t.k.s.l.TwitterKafkaStatusListener - Received status text RT @literlandweb1: "Kafka en la orilla"
#Murakami https://t.co/lfxLWpv1Z5 sending to Kafka topic twitter-topic
2021-07-18 15:01:08 [Twitter4J Async Dispatcher[0]] INFO  c.m.d.k.p.c.s.i.TwitterKafkaProducer - Sending message='{"userId": 302824276, "id": 1416775234347229185, "text": "RT @literlandweb1: \"Kafka en la orilla\"\n#Murakami https://t.co/lfxLWpv1Z5", "createdAt": 1626620512000}' to topic='twitter-topic'
2021-07-18 15:01:08 [kafka-producer-network-thread | producer-1] DEBUG c.m.d.k.p.c.s.i.TwitterKafkaProducer - Received new metadata. Topic: twitter-topic; Partition: 2, Offset: 14; Timestamp: 1626620468241, at time: 206424390074400
2021-07-18 15:01:08 [Twitter4J Async Dispatcher[0]] INFO  c.m.d.t.t.k.s.l.TwitterKafkaStatusListener - Received status text GeromeLivraison rapide et discret 
T?l?gram :
Snap: vickopablo2021

#paris #citation #saintdenis #Python #Java #JavaScript  #ReactJS #Serverless #IoT #Linux #100DaysofCode #PSG #france #weed #beuh #shit #cocaine #drogue #nuitdebout #trappes #LOSC https://t.co/3QDsPdca9v sending to Kafka topic twitter-topic
2021-07-18 15:01:08 [Twitter4J Async Dispatcher[0]] INFO  c.m.d.k.p.c.s.i.TwitterKafkaProducer - Sending message='{"userId": 1416767329778688006, "id": 1416775234649313283, "text": "GeromeLivraison rapide et discret \nT?l?gram :\nSnap: vickopablo2021\n\n#paris #citation #saintdenis #Python #Java #JavaScript  #ReactJS #Serverless #IoT #Linux #100DaysofCode #PSG #france #weed #beuh #shit #cocaine #drogue #nuitdebout #trappes #LOSC https://t.co/3QDsPdca9v", "createdAt": 1626620513000}' to topic='twitter-topic'
2021-07-18 15:01:08 [kafka-producer-network-thread | producer-1] DEBUG c.m.d.k.p.c.s.i.TwitterKafkaProducer - Received new metadata. Topic: twitter-topic; Partition: 0, Offset: 19; Timestamp: 1626620468420, at time: 206424564558100
2021-07-18 15:01:14 [Twitter4J Async Dispatcher[0]] INFO  c.m.d.t.t.k.s.l.TwitterKafkaStatusListener - Received status text RT @Bilalisgoren: Ayr?ca insan? iyile?tiren sadece insand?r yine, t?pk? insana ac? verenin sadece insan olmas? gibi.

Franz Kafka sending to Kafka topic twitter-topic
2021-07-18 15:01:14 [Twitter4J Async Dispatcher[0]] INFO  c.m.d.k.p.c.s.i.TwitterKafkaProducer - Sending message='{"userId": 1237706802000793600, "id": 1416775261807423488, "text": "RT @Bilalisgoren: Ayr?ca insan? iyile?tiren sadece insand?r yine, t?pk? insana ac? verenin sadece insan olmas? gibi.\n\nFranz Kafka", "createdAt": 1626620519000}' to topic='twitter-topic'
2021-07-18 15:01:14 [kafka-producer-network-thread | producer-1] DEBUG c.m.d.k.p.c.s.i.TwitterKafkaProducer - Received new metadata. Topic: twitter-topic; Partition: 1, Offset: 12; Timestamp: 1626620474814, at time: 206430958518700
2021-07-18 15:01:15 [Twitter4J Async Dispatcher[0]] INFO  c.m.d.t.t.k.s.l.TwitterKafkaStatusListener - Received status text RT @eyretartt: ?If you remember me, then I don't care if everyone else forgets.?

?Haruki Murakami, Kafka on the Shore sending to Kafka topic twitter-topic
2021-07-18 15:01:15 [Twitter4J Async Dispatcher[0]] INFO  c.m.d.k.p.c.s.i.TwitterKafkaProducer - Sending message='{"userId": 932295837744496640, "id": 1416775266765099014, "text": "RT @eyretartt: \u201CIf you remember me, then I don't care if everyone else forgets.\u201D\n\n\u2014Haruki Murakami, Kafka on the Shore", "createdAt": 1626620520000}' to topic='twitter-topic'
2021-07-18 15:01:15 [kafka-producer-network-thread | producer-1] DEBUG c.m.d.k.p.c.s.i.TwitterKafkaProducer - Received new metadata. Topic: twitter-topic; Partition: 1, Offset: 13; Timestamp: 1626620475984, at time: 206432126940300
2021-07-18 15:01:17 [Twitter4J Async Dispatcher[0]] INFO  c.m.d.t.t.k.s.l.TwitterKafkaStatusListener - Received status text ?????:34???????(00:02)

???????? 23 ?? GT-R50 by ???????

??:?880
https://t.co/wpBpY5MLNl sending to Kafka topic twitter-topic
2021-07-18 15:01:17 [Twitter4J Async Dispatcher[0]] INFO  c.m.d.k.p.c.s.i.TwitterKafkaProducer - Sending message='{"userId": 2433651774, "id": 1416775273702252545, "text": "?????:34???????(00:02)\n\n???????? 23 ?? GT-R50 by ???????\n\n??:?880\nhttps://t.co/wpBpY5MLNl", "createdAt": 1626620522000}' to topic='twitter-topic'
2021-07-18 15:01:17 [kafka-producer-network-thread | producer-1] DEBUG c.m.d.k.p.c.s.i.TwitterKafkaProducer - Received new metadata. Topic: twitter-topic; Partition: 0, Offset: 20; Timestamp: 1626620477621, at time: 206433766826900
2021-07-18 15:01:17 [Twitter4J Async Dispatcher[0]] INFO  c.m.d.t.t.k.s.l.TwitterKafkaStatusListener - Received status text ThreadLocal Memory Leak in Java web application - Tomcat https://t.co/27rU9QYjz7 sending to Kafka topic twitter-topic
2021-07-18 15:01:17 [Twitter4J Async Dispatcher[0]] INFO  c.m.d.k.p.c.s.i.TwitterKafkaProducer - Sending message='{"userId": 1005111468595920897, "id": 1416775274276950026, "text": "ThreadLocal Memory Leak in Java web application - Tomcat https://t.co/27rU9QYjz7", "createdAt": 1626620522000}' to topic='twitter-topic'
2021-07-18 15:01:17 [kafka-producer-network-thread | producer-1] DEBUG c.m.d.k.p.c.s.i.TwitterKafkaProducer - Received new metadata. Topic: twitter-topic; Partition: 1, Offset: 14; Timestamp: 1626620477797, at time: 206433974300000
2021-07-18 15:01:27 [Twitter4J Async Dispatcher[0]] INFO  c.m.d.t.t.k.s.l.TwitterKafkaStatusListener - Received status text @c5qlMygHNwggCnW Java????6????????

????Ruby????????????? sending to Kafka topic twitter-topic
2021-07-18 15:01:27 [Twitter4J Async Dispatcher[0]] INFO  c.m.d.k.p.c.s.i.TwitterKafkaProducer - Sending message='{"userId": 1012774148559364096, "id": 1416775315435581445, "text": "@c5qlMygHNwggCnW Java????6????????\n\n????Ruby?????????????", "createdAt": 1626620532000}' to topic='twitter-topic'
2021-07-18 15:01:27 [kafka-producer-network-thread | producer-1] DEBUG c.m.d.k.p.c.s.i.TwitterKafkaProducer - Received new metadata. Topic: twitter-topic; Partition: 1, Offset: 15; Timestamp: 1626620487675, at time: 206443822148000
2021-07-18 15:01:32 [Twitter4J Async Dispatcher[0]] INFO  c.m.d.t.t.k.s.l.TwitterKafkaStatusListener - Received status text RT @gp_pulipaka: Top Reading List for Geeks in ML, #Mathematics. #BigData #Analytics #DataScience #IoT #IIoT #PyTorch #Python #RStats #Tens? sending to Kafka topic twitter-topic
2021-07-18 15:01:32 [Twitter4J Async Dispatcher[0]] INFO  c.m.d.k.p.c.s.i.TwitterKafkaProducer - Sending message='{"userId": 1237585972201771009, "id": 1416775335887130624, "text": "RT @gp_pulipaka: Top Reading List for Geeks in ML, #Mathematics. #BigData #Analytics #DataScience #IoT #IIoT #PyTorch #Python #RStats #Tens\u2026", "createdAt": 1626620537000}' to topic='twitter-topic'
2021-07-18 15:01:32 [kafka-producer-network-thread | producer-1] DEBUG c.m.d.k.p.c.s.i.TwitterKafkaProducer - Received new metadata. Topic: twitter-topic; Partition: 0, Offset: 21; Timestamp: 1626620492580, at time: 206448724945500
2021-07-18 15:01:33 [Twitter4J Async Dispatcher[0]] INFO  c.m.d.t.t.k.s.l.TwitterKafkaStatusListener - Received status text RT @literlandweb1: "Kafka en la orilla"
#Murakami https://t.co/lfxLWpv1Z5 sending to Kafka topic twitter-topic
2021-07-18 15:01:33 [Twitter4J Async Dispatcher[0]] INFO  c.m.d.k.p.c.s.i.TwitterKafkaProducer - Sending message='{"userId": 1066443025524629504, "id": 1416775338886053889, "text": "RT @literlandweb1: \"Kafka en la orilla\"\n#Murakami https://t.co/lfxLWpv1Z5", "createdAt": 1626620537000}' to topic='twitter-topic'
2021-07-18 15:01:33 [kafka-producer-network-thread | producer-1] DEBUG c.m.d.k.p.c.s.i.TwitterKafkaProducer - Received new metadata. Topic: twitter-topic; Partition: 1, Offset: 16; Timestamp: 1626620493177, at time: 206449322178200
2021-07-18 15:01:33 [Twitter4J Async Dispatcher[0]] INFO  c.m.d.t.t.k.s.l.TwitterKafkaStatusListener - Received status text Udemy 100% Off Java from Zero to First Job - Practical Guide, 600+ examples
https://t.co/S02PdeFoi5
 ?? Please Join the channel to get daily free course coupon Updates https://t.co/cYDhBGW46S sending to Kafka topic twitter-topic
2021-07-18 15:01:33 [Twitter4J Async Dispatcher[0]] INFO  c.m.d.k.p.c.s.i.TwitterKafkaProducer - Sending message='{"userId": 1131477955236884480, "id": 1416775340446261259, "text": "Udemy 100% Off Java from Zero to First Job - Practical Guide, 600+ examples\nhttps://t.co/S02PdeFoi5\n ?? Please Join the channel to get daily free course coupon Updates https://t.co/cYDhBGW46S", "createdAt": 1626620538000}' to topic='twitter-topic'
2021-07-18 15:01:33 [kafka-producer-network-thread | producer-1] DEBUG c.m.d.k.p.c.s.i.TwitterKafkaProducer - Received new metadata. Topic: twitter-topic; Partition: 0, Offset: 22; Timestamp: 1626620493573, at time: 206449715921200
2021-07-18 15:01:37 [Twitter4J Async Dispatcher[0]] INFO  c.m.d.t.t.k.s.l.TwitterKafkaStatusListener - Received status text One idiot is one idiot... two idiots are two idiots. 
Ten thousand idiots are a political party!
~Kafka

(stolen from a friend on FB) sending to Kafka topic twitter-topic
2021-07-18 15:01:37 [Twitter4J Async Dispatcher[0]] INFO  c.m.d.k.p.c.s.i.TwitterKafkaProducer - Sending message='{"userId": 46054503, "id": 1416775355344560136, "text": "One idiot is one idiot... two idiots are two idiots. \nTen thousand idiots are a political party!\n~Kafka\n\n(stolen from a friend on FB)", "createdAt": 1626620541000}' to topic='twitter-topic'
2021-07-18 15:01:37 [kafka-producer-network-thread | producer-1] DEBUG c.m.d.k.p.c.s.i.TwitterKafkaProducer - Received new metadata. Topic: twitter-topic; Partition: 2, Offset: 15; Timestamp: 1626620497078, at time: 206453226938600
2021-07-18 15:01:44 [Twitter4J Async Dispatcher[0]] INFO  c.m.d.t.t.k.s.l.TwitterKafkaStatusListener - Received status text RT @literlandweb1: "Kafka en la orilla"
#Murakami https://t.co/lfxLWpv1Z5 sending to Kafka topic twitter-topic
2021-07-18 15:01:44 [Twitter4J Async Dispatcher[0]] INFO  c.m.d.k.p.c.s.i.TwitterKafkaProducer - Sending message='{"userId": 1008567979846590471, "id": 1416775384302030848, "text": "RT @literlandweb1: \"Kafka en la orilla\"\n#Murakami https://t.co/lfxLWpv1Z5", "createdAt": 1626620548000}' to topic='twitter-topic'
2021-07-18 15:01:44 [kafka-producer-network-thread | producer-1] DEBUG c.m.d.k.p.c.s.i.TwitterKafkaProducer - Received new metadata. Topic: twitter-topic; Partition: 1, Offset: 17; Timestamp: 1626620504062, at time: 206460210261200
2021-07-18 15:01:44 [Twitter4J Async Dispatcher[0]] INFO  c.m.d.t.t.k.s.l.TwitterKafkaStatusListener - Received status text RT @sunfoxaddict: ?; Street Butterfly ?
[ Hyuckren / Renhyuck Au ]

Cuma Daily kebucinan Kafil Mahardika, si kupu-kupu ketua GAMOR (Gerakan? sending to Kafka topic twitter-topic
2021-07-18 15:01:44 [Twitter4J Async Dispatcher[0]] INFO  c.m.d.k.p.c.s.i.TwitterKafkaProducer - Sending message='{"userId": 1148765707074600960, "id": 1416775385493041152, "text": "RT @sunfoxaddict: \u2014; Street Butterfly ?\n[ Hyuckren / Renhyuck Au ]\n\nCuma Daily kebucinan Kafil Mahardika, si kupu-kupu ketua GAMOR (Gerakan\u2026", "createdAt": 1626620548000}' to topic='twitter-topic'
2021-07-18 15:01:44 [kafka-producer-network-thread | producer-1] DEBUG c.m.d.k.p.c.s.i.TwitterKafkaProducer - Received new metadata. Topic: twitter-topic; Partition: 1, Offset: 18; Timestamp: 1626620504297, at time: 206460441158900
2021-07-18 15:01:46 [Twitter4J Async Dispatcher[0]] INFO  c.m.d.t.t.k.s.l.TwitterKafkaStatusListener - Received status text RT @FalseSenseOfSec: Earth from Orbit: Wildfire Smoke Blankets U.S. #wildfire #fire #satellite #flood #blockchain #visualization #data #cyb? sending to Kafka topic twitter-topic
2021-07-18 15:01:46 [Twitter4J Async Dispatcher[0]] INFO  c.m.d.k.p.c.s.i.TwitterKafkaProducer - Sending message='{"userId": 1131854274223366144, "id": 1416775392631922692, "text": "RT @FalseSenseOfSec: Earth from Orbit: Wildfire Smoke Blankets U.S. #wildfire #fire #satellite #flood #blockchain #visualization #data #cyb\u2026", "createdAt": 1626620550000}' to topic='twitter-topic'
2021-07-18 15:01:46 [kafka-producer-network-thread | producer-1] DEBUG c.m.d.k.p.c.s.i.TwitterKafkaProducer - Received new metadata. Topic: twitter-topic; Partition: 2, Offset: 16; Timestamp: 1626620506081, at time: 206462230947600
2021-07-18 15:01:51 [Twitter4J Async Dispatcher[0]] INFO  c.m.d.t.t.k.s.l.TwitterKafkaStatusListener - Received status text RT @FalseSenseOfSec: Earth from Orbit: Wildfire Smoke Blankets U.S. #wildfire #fire #satellite #flood #blockchain #visualization #data #cyb? sending to Kafka topic twitter-topic
2021-07-18 15:01:51 [Twitter4J Async Dispatcher[0]] INFO  c.m.d.k.p.c.s.i.TwitterKafkaProducer - Sending message='{"userId": 1336432915941474305, "id": 1416775414618468356, "text": "RT @FalseSenseOfSec: Earth from Orbit: Wildfire Smoke Blankets U.S. #wildfire #fire #satellite #flood #blockchain #visualization #data #cyb\u2026", "createdAt": 1626620555000}' to topic='twitter-topic'
2021-07-18 15:01:51 [kafka-producer-network-thread | producer-1] DEBUG c.m.d.k.p.c.s.i.TwitterKafkaProducer - Received new metadata. Topic: twitter-topic; Partition: 0, Offset: 23; Timestamp: 1626620511310, at time: 206467454257000
2021-07-18 15:01:57 [Twitter4J Async Dispatcher[0]] INFO  c.m.d.t.t.k.s.l.TwitterKafkaStatusListener - Received status text RT @Vicko66812737: GeromeLivraison rapide et discret 
T?l?gram : 
Snap: vickopablo2021

#paris #citation #saintdenis #Python #Java #JavaScr? sending to Kafka topic twitter-topic
2021-07-18 15:01:57 [Twitter4J Async Dispatcher[0]] INFO  c.m.d.k.p.c.s.i.TwitterKafkaProducer - Sending message='{"userId": 1237585972201771009, "id": 1416775438811242497, "text": "RT @Vicko66812737: GeromeLivraison rapide et discret \nT?l?gram : \nSnap: vickopablo2021\n\n#paris #citation #saintdenis #Python #Java #JavaScr\u2026", "createdAt": 1626620561000}' to topic='twitter-topic'
2021-07-18 15:01:57 [kafka-producer-network-thread | producer-1] DEBUG c.m.d.k.p.c.s.i.TwitterKafkaProducer - Received new metadata. Topic: twitter-topic; Partition: 0, Offset: 24; Timestamp: 1626620517027, at time: 206473171880500
2021-07-18 15:01:57 [Twitter4J Async Dispatcher[0]] INFO  c.m.d.t.t.k.s.l.TwitterKafkaStatusListener - Received status text At the breathtaking beauty of the Java Island, our Meli? Purosani Yogkyarta Hotel is the perfect place to spend a relaxing time. 
? by: @feillycia_ms 
? in our bio!
 #StaySafeWithMelia https://t.co/j5H1aCS4Wd sending to Kafka topic twitter-topic
2021-07-18 15:01:57 [Twitter4J Async Dispatcher[0]] INFO  c.m.d.k.p.c.s.i.TwitterKafkaProducer - Sending message='{"userId": 222946182, "id": 1416775439851347974, "text": "At the breathtaking beauty of the Java Island, our Meli? Purosani Yogkyarta Hotel is the perfect place to spend a relaxing time. \n? by: @feillycia_ms \n? in our bio!\n #StaySafeWithMelia https://t.co/j5H1aCS4Wd", "createdAt": 1626620561000}' to topic='twitter-topic'
2021-07-18 15:01:57 [kafka-producer-network-thread | producer-1] DEBUG c.m.d.k.p.c.s.i.TwitterKafkaProducer - Received new metadata. Topic: twitter-topic; Partition: 2, Offset: 17; Timestamp: 1626620517380, at time: 206473527898200
2021-07-18 15:02:02 [Twitter4J Async Dispatcher[0]] INFO  c.m.d.t.t.k.s.l.TwitterKafkaStatusListener - Received status text RT @Vicko66812737: GeromeLivraison rapide et discret 
T?l?gram :
Snap: vickopablo2021

#paris #citation #saintdenis #Python #Java #JavaScri? sending to Kafka topic twitter-topic
2021-07-18 15:02:02 [Twitter4J Async Dispatcher[0]] INFO  c.m.d.k.p.c.s.i.TwitterKafkaProducer - Sending message='{"userId": 1237585972201771009, "id": 1416775460470591488, "text": "RT @Vicko66812737: GeromeLivraison rapide et discret \nT?l?gram :\nSnap: vickopablo2021\n\n#paris #citation #saintdenis #Python #Java #JavaScri\u2026", "createdAt": 1626620566000}' to topic='twitter-topic'
2021-07-18 15:02:02 [kafka-producer-network-thread | producer-1] DEBUG c.m.d.k.p.c.s.i.TwitterKafkaProducer - Received new metadata. Topic: twitter-topic; Partition: 0, Offset: 25; Timestamp: 1626620522139, at time: 206478281135300
2021-07-18 15:02:02 [Twitter4J Async Dispatcher[0]] INFO  c.m.d.t.t.k.s.l.TwitterKafkaStatusListener - Received status text @POne0301 ????Java??????????????????????

??????????????????????????? sending to Kafka topic twitter-topic
2021-07-18 15:02:02 [Twitter4J Async Dispatcher[0]] INFO  c.m.d.k.p.c.s.i.TwitterKafkaProducer - Sending message='{"userId": 1390859684135849986, "id": 1416775461892288512, "text": "@POne0301 ????Java?????????????????????\u2026\n\n????????????????????????\u2026??", "createdAt": 1626620567000}' to topic='twitter-topic'
2021-07-18 15:02:02 [kafka-producer-network-thread | producer-1] DEBUG c.m.d.k.p.c.s.i.TwitterKafkaProducer - Received new metadata. Topic: twitter-topic; Partition: 1, Offset: 19; Timestamp: 1626620522468, at time: 206478613214200
2021-07-18 15:02:04 [Twitter4J Async Dispatcher[0]] INFO  c.m.d.t.t.k.s.l.TwitterKafkaStatusListener - Received status text Parity difference of the day:
When you crouch/duck on java, it actually lowers your hit box, allowing you to fit in smaller areas (1.5 block gaps)

On Bedrock your hitbox size doesn't change, and you cannot fit into smaller spaces. sending to Kafka topic twitter-topic
2021-07-18 15:02:04 [Twitter4J Async Dispatcher[0]] INFO  c.m.d.k.p.c.s.i.TwitterKafkaProducer - Sending message='{"userId": 1042847137585930241, "id": 1416775468951420933, "text": "Parity difference of the day:\nWhen you crouch/duck on java, it actually lowers your hit box, allowing you to fit in smaller areas (1.5 block gaps)\n\nOn Bedrock your hitbox size doesn't change, and you cannot fit into smaller spaces.", "createdAt": 1626620568000}' to topic='twitter-topic'
2021-07-18 15:02:04 [kafka-producer-network-thread | producer-1] DEBUG c.m.d.k.p.c.s.i.TwitterKafkaProducer - Received new metadata. Topic: twitter-topic; Partition: 0, Offset: 26; Timestamp: 1626620524237, at time: 206480380679200
2021-07-18 15:02:04 [Twitter4J Async Dispatcher[0]] INFO  c.m.d.t.t.k.s.l.TwitterKafkaStatusListener - Received status text RT @BOUND_TO_BEAT: @althenaksa Tak terasa, konser Sirius Glitz telah selesai, ditutup dengan penampilan dari semua pengisi acara yang kini? sending to Kafka topic twitter-topic
2021-07-18 15:02:04 [Twitter4J Async Dispatcher[0]] INFO  c.m.d.k.p.c.s.i.TwitterKafkaProducer - Sending message='{"userId": 1042412111802982400, "id": 1416775470717149191, "text": "RT @BOUND_TO_BEAT: @althenaksa Tak terasa, konser Sirius Glitz telah selesai, ditutup dengan penampilan dari semua pengisi acara yang kini\u2026", "createdAt": 1626620569000}' to topic='twitter-topic'
2021-07-18 15:02:04 [kafka-producer-network-thread | producer-1] DEBUG c.m.d.k.p.c.s.i.TwitterKafkaProducer - Received new metadata. Topic: twitter-topic; Partition: 0, Offset: 27; Timestamp: 1626620524579, at time: 206480721702400
2021-07-18 15:02:16 [Twitter4J Async Dispatcher[0]] INFO  c.m.d.t.t.k.s.l.TwitterKafkaStatusListener - Received status text RT @BOUND_TO_BEAT: @althenaksa Tak terasa, konser Sirius Glitz telah selesai, ditutup dengan penampilan dari semua pengisi acara yang kini? sending to Kafka topic twitter-topic
2021-07-18 15:02:16 [Twitter4J Async Dispatcher[0]] INFO  c.m.d.k.p.c.s.i.TwitterKafkaProducer - Sending message='{"userId": 1217812101634256901, "id": 1416775521640218625, "text": "RT @BOUND_TO_BEAT: @althenaksa Tak terasa, konser Sirius Glitz telah selesai, ditutup dengan penampilan dari semua pengisi acara yang kini\u2026", "createdAt": 1626620581000}' to topic='twitter-topic'
2021-07-18 15:02:16 [kafka-producer-network-thread | producer-1] DEBUG c.m.d.k.p.c.s.i.TwitterKafkaProducer - Received new metadata. Topic: twitter-topic; Partition: 2, Offset: 18; Timestamp: 1626620536752, at time: 206492894614900
2021-07-18 15:02:17 [Twitter4J Async Dispatcher[0]] INFO  c.m.d.t.t.k.s.l.TwitterKafkaStatusListener - Received status text This is good wisdom :) bedrock is just as good as Java :) sending to Kafka topic twitter-topic
2021-07-18 15:02:17 [Twitter4J Async Dispatcher[0]] INFO  c.m.d.k.p.c.s.i.TwitterKafkaProducer - Sending message='{"userId": 1405641575590416390, "id": 1416775525088047106, "text": "This is good wisdom :) bedrock is just as good as Java :)", "createdAt": 1626620582000}' to topic='twitter-topic'
2021-07-18 15:02:17 [kafka-producer-network-thread | producer-1] DEBUG c.m.d.k.p.c.s.i.TwitterKafkaProducer - Received new metadata. Topic: twitter-topic; Partition: 1, Offset: 20; Timestamp: 1626620537642, at time: 206493786178200
2021-07-18 15:02:18 [Twitter4J Async Dispatcher[0]] INFO  c.m.d.t.t.k.s.l.TwitterKafkaStatusListener - Received status text ???????4??(?????PC???? ????????????)

?GF65 Thin ???????? 10U Corei5 RTX 3060 Laptop GPU 15.6FHD 144Hz 8GB SSD512GB GF65-10UE-256JP?
???:MSI

??:?129,800?
????????(00:03)

https://t.co/5ItMhS5jIv sending to Kafka topic twitter-topic
2021-07-18 15:02:18 [Twitter4J Async Dispatcher[0]] INFO  c.m.d.k.p.c.s.i.TwitterKafkaProducer - Sending message='{"userId": 1375961552122044417, "id": 1416775527029829634, "text": "???????4??(?????PC???? ????????????)\n\n?GF65 Thin ???????? 10U Corei5 RTX 3060 Laptop GPU 15.6FHD 144Hz 8GB SSD512GB GF65-10UE-256JP?\n???:MSI\n\n??:?129,800?\n????????(00:03)\n\nhttps://t.co/5ItMhS5jIv", "createdAt": 1626620582000}' to topic='twitter-topic'
2021-07-18 15:02:18 [kafka-producer-network-thread | producer-1] DEBUG c.m.d.k.p.c.s.i.TwitterKafkaProducer - Received new metadata. Topic: twitter-topic; Partition: 2, Offset: 19; Timestamp: 1626620538036, at time: 206494180685200
2021-07-18 15:02:19 [Twitter4J Async Dispatcher[0]] INFO  c.m.d.t.t.k.s.l.TwitterKafkaStatusListener - Received status text RT @BilgeHanm7: ?Kalbimin i?erisinde sen varken her ?eye katlanabilirim.?

Franz Kafka sending to Kafka topic twitter-topic
2021-07-18 15:02:19 [Twitter4J Async Dispatcher[0]] INFO  c.m.d.k.p.c.s.i.TwitterKafkaProducer - Sending message='{"userId": 968757121557958656, "id": 1416775533988360197, "text": "RT @BilgeHanm7: \u201CKalbimin i?erisinde sen varken her ?eye katlanabilirim.\u201D\n\nFranz Kafka", "createdAt": 1626620584000}' to topic='twitter-topic'
2021-07-18 15:02:19 [kafka-producer-network-thread | producer-1] DEBUG c.m.d.k.p.c.s.i.TwitterKafkaProducer - Received new metadata. Topic: twitter-topic; Partition: 1, Offset: 21; Timestamp: 1626620539693, at time: 206495835019400
2021-07-18 15:02:24 [Twitter4J Async Dispatcher[0]] INFO  c.m.d.t.t.k.s.l.TwitterKafkaStatusListener - Received status text @beatrizoccoler @Vessoni @luissfabiani Traduzindo...se tem rolo...o tal Java t? no meio....e a? pegam seus "pupilos" e realocam no profissional?? ? isso produ??o??
ACORDA @duiliomalves sending to Kafka topic twitter-topic
2021-07-18 15:02:24 [Twitter4J Async Dispatcher[0]] INFO  c.m.d.k.p.c.s.i.TwitterKafkaProducer - Sending message='{"userId": 1199820684215668737, "id": 1416775555375112193, "text": "@beatrizoccoler @Vessoni @luissfabiani Traduzindo...se tem rolo...o tal Java t? no meio....e a? pegam seus \"pupilos\" e realocam no profissional?? ? isso produ??o??\nACORDA @duiliomalves", "createdAt": 1626620589000}' to topic='twitter-topic'
2021-07-18 15:02:24 [kafka-producer-network-thread | producer-1] DEBUG c.m.d.k.p.c.s.i.TwitterKafkaProducer - Received new metadata. Topic: twitter-topic; Partition: 0, Offset: 28; Timestamp: 1626620544782, at time: 206500930585900
2021-07-18 15:02:32 [Twitter4J Async Dispatcher[0]] INFO  c.m.d.t.t.k.s.l.TwitterKafkaStatusListener - Received status text RT @gp_pulipaka: DiffGrad: An Optimizer for CNNs. #BigData #Analytics #DataScience #AI #MachineLearning #IoT #IIoT #PyTorch #Python #RStats? sending to Kafka topic twitter-topic
2021-07-18 15:02:32 [Twitter4J Async Dispatcher[0]] INFO  c.m.d.k.p.c.s.i.TwitterKafkaProducer - Sending message='{"userId": 1161253319525969921, "id": 1416775587167981574, "text": "RT @gp_pulipaka: DiffGrad: An Optimizer for CNNs. #BigData #Analytics #DataScience #AI #MachineLearning #IoT #IIoT #PyTorch #Python #RStats\u2026", "createdAt": 1626620597000}' to topic='twitter-topic'
2021-07-18 15:02:32 [kafka-producer-network-thread | producer-1] DEBUG c.m.d.k.p.c.s.i.TwitterKafkaProducer - Received new metadata. Topic: twitter-topic; Partition: 0, Offset: 29; Timestamp: 1626620552393, at time: 206508537385800
2021-07-18 15:02:32 [Twitter4J Async Dispatcher[0]] INFO  c.m.d.t.t.k.s.l.TwitterKafkaStatusListener - Received status text RT @gp_pulipaka: Ensemble Learning in ML. #BigData #Analytics #DataScience #AI #MachineLearning #IoT #IIoT #PyTorch #Python #RStats #Tensor? sending to Kafka topic twitter-topic
2021-07-18 15:02:32 [Twitter4J Async Dispatcher[0]] INFO  c.m.d.k.p.c.s.i.TwitterKafkaProducer - Sending message='{"userId": 1161253319525969921, "id": 1416775587327356930, "text": "RT @gp_pulipaka: Ensemble Learning in ML. #BigData #Analytics #DataScience #AI #MachineLearning #IoT #IIoT #PyTorch #Python #RStats #Tensor\u2026", "createdAt": 1626620597000}' to topic='twitter-topic'
2021-07-18 15:02:32 [kafka-producer-network-thread | producer-1] DEBUG c.m.d.k.p.c.s.i.TwitterKafkaProducer - Received new metadata. Topic: twitter-topic; Partition: 0, Offset: 30; Timestamp: 1626620552416, at time: 206508563855800
2021-07-18 15:02:33 [Twitter4J Async Dispatcher[0]] INFO  c.m.d.t.t.k.s.l.TwitterKafkaStatusListener - Received status text RT @iSolveIO: ?Trust has an unlimited value, The father of all currencies"
#devops #programming #cloud #cloudcomputing #developer #linux #t? sending to Kafka topic twitter-topic
2021-07-18 15:02:33 [Twitter4J Async Dispatcher[0]] INFO  c.m.d.k.p.c.s.i.TwitterKafkaProducer - Sending message='{"userId": 1352445389903859712, "id": 1416775590875566081, "text": "RT @iSolveIO: \u201CTrust has an unlimited value, The father of all currencies\"\n#devops #programming #cloud #cloudcomputing #developer #linux #t\u2026", "createdAt": 1626620597000}' to topic='twitter-topic'
2021-07-18 15:02:33 [kafka-producer-network-thread | producer-1] DEBUG c.m.d.k.p.c.s.i.TwitterKafkaProducer - Received new metadata. Topic: twitter-topic; Partition: 0, Offset: 31; Timestamp: 1626620553412, at time: 206509556044800
2021-07-18 15:02:34 [Twitter4J Async Dispatcher[0]] INFO  c.m.d.t.t.k.s.l.TwitterKafkaStatusListener - Received status text RT @gp_pulipaka: Ensemble Learning in ML. #BigData #Analytics #DataScience #AI #MachineLearning #IoT #IIoT #PyTorch #Python #RStats #Tensor? sending to Kafka topic twitter-topic
2021-07-18 15:02:34 [Twitter4J Async Dispatcher[0]] INFO  c.m.d.k.p.c.s.i.TwitterKafkaProducer - Sending message='{"userId": 1364497572509880322, "id": 1416775595770384396, "text": "RT @gp_pulipaka: Ensemble Learning in ML. #BigData #Analytics #DataScience #AI #MachineLearning #IoT #IIoT #PyTorch #Python #RStats #Tensor\u2026", "createdAt": 1626620599000}' to topic='twitter-topic'
2021-07-18 15:02:34 [kafka-producer-network-thread | producer-1] DEBUG c.m.d.k.p.c.s.i.TwitterKafkaProducer - Received new metadata. Topic: twitter-topic; Partition: 2, Offset: 20; Timestamp: 1626620554446, at time: 206510590339100
2021-07-18 15:02:37 [Twitter4J Async Dispatcher[0]] INFO  c.m.d.t.t.k.s.l.TwitterKafkaStatusListener - Received status text RT @gp_pulipaka: Top Reading List for Geeks in ML, #Mathematics. #BigData #Analytics #DataScience #IoT #IIoT #PyTorch #Python #RStats #Tens? sending to Kafka topic twitter-topic
2021-07-18 15:02:37 [Twitter4J Async Dispatcher[0]] INFO  c.m.d.k.p.c.s.i.TwitterKafkaProducer - Sending message='{"userId": 1268500317500391426, "id": 1416775609867440130, "text": "RT @gp_pulipaka: Top Reading List for Geeks in ML, #Mathematics. #BigData #Analytics #DataScience #IoT #IIoT #PyTorch #Python #RStats #Tens\u2026", "createdAt": 1626620602000}' to topic='twitter-topic'
2021-07-18 15:02:37 [Twitter4J Async Dispatcher[0]] INFO  c.m.d.t.t.k.s.l.TwitterKafkaStatusListener - Received status text RT @gp_pulipaka: Ensemble Learning in ML. #BigData #Analytics #DataScience #AI #MachineLearning #IoT #IIoT #PyTorch #Python #RStats #Tensor? sending to Kafka topic twitter-topic
2021-07-18 15:02:37 [Twitter4J Async Dispatcher[0]] INFO  c.m.d.k.p.c.s.i.TwitterKafkaProducer - Sending message='{"userId": 1336432915941474305, "id": 1416775609917878272, "text": "RT @gp_pulipaka: Ensemble Learning in ML. #BigData #Analytics #DataScience #AI #MachineLearning #IoT #IIoT #PyTorch #Python #RStats #Tensor\u2026", "createdAt": 1626620602000}' to topic='twitter-topic'
2021-07-18 15:02:37 [kafka-producer-network-thread | producer-1] DEBUG c.m.d.k.p.c.s.i.TwitterKafkaProducer - Received new metadata. Topic: twitter-topic; Partition: 2, Offset: 21; Timestamp: 1626620557835, at time: 206513981248100
2021-07-18 15:02:37 [kafka-producer-network-thread | producer-1] DEBUG c.m.d.k.p.c.s.i.TwitterKafkaProducer - Received new metadata. Topic: twitter-topic; Partition: 0, Offset: 32; Timestamp: 1626620557856, at time: 206514010686100
2021-07-18 15:02:42 [Twitter4J Async Dispatcher[0]] INFO  c.m.d.t.t.k.s.l.TwitterKafkaStatusListener - Received status text RT @faisalrafi: One idiot is one idiot... two idiots are two idiots. 
Ten thousand idiots are a political party!
~Kafka

(stolen from a fri? sending to Kafka topic twitter-topic
2021-07-18 15:02:42 [Twitter4J Async Dispatcher[0]] INFO  c.m.d.k.p.c.s.i.TwitterKafkaProducer - Sending message='{"userId": 154857864, "id": 1416775629622714379, "text": "RT @faisalrafi: One idiot is one idiot... two idiots are two idiots. \nTen thousand idiots are a political party!\n~Kafka\n\n(stolen from a fri\u2026", "createdAt": 1626620607000}' to topic='twitter-topic'
2021-07-18 15:02:42 [kafka-producer-network-thread | producer-1] DEBUG c.m.d.k.p.c.s.i.TwitterKafkaProducer - Received new metadata. Topic: twitter-topic; Partition: 1, Offset: 22; Timestamp: 1626620562525, at time: 206518668621700
2021-07-18 15:02:45 [Twitter4J Async Dispatcher[0]] INFO  c.m.d.t.t.k.s.l.TwitterKafkaStatusListener - Received status text ????????????
???????????????????????????
????????????????????????
#?????  #?????
https://t.co/MSCRMYt0ix sending to Kafka topic twitter-topic
2021-07-18 15:02:45 [Twitter4J Async Dispatcher[0]] INFO  c.m.d.k.p.c.s.i.TwitterKafkaProducer - Sending message='{"userId": 718729058456981504, "id": 1416775640481603591, "text": "????????????\n???????????????????????????\n????????????????????????\n#?????  #?????\nhttps://t.co/MSCRMYt0ix", "createdAt": 1626620609000}' to topic='twitter-topic'
2021-07-18 15:02:45 [kafka-producer-network-thread | producer-1] DEBUG c.m.d.k.p.c.s.i.TwitterKafkaProducer - Received new metadata. Topic: twitter-topic; Partition: 2, Offset: 22; Timestamp: 1626620565055, at time: 206521199875600
2021-07-18 15:02:48 [Twitter4J Async Dispatcher[0]] INFO  c.m.d.t.t.k.s.l.TwitterKafkaStatusListener - Received status text RT @Udemy_Coupons1: Information Gathering ? Phase 1 of Cyber Security
https://t.co/so1wFGXNu4

#MachineLearning. #BigData #Analytics #DataS? sending to Kafka topic twitter-topic
2021-07-18 15:02:48 [Twitter4J Async Dispatcher[0]] INFO  c.m.d.k.p.c.s.i.TwitterKafkaProducer - Sending message='{"userId": 1303713480, "id": 1416775653362388999, "text": "RT @Udemy_Coupons1: Information Gathering \u2013 Phase 1 of Cyber Security\nhttps://t.co/so1wFGXNu4\n\n#MachineLearning. #BigData #Analytics #DataS\u2026", "createdAt": 1626620612000}' to topic='twitter-topic'
2021-07-18 15:02:48 [kafka-producer-network-thread | producer-1] DEBUG c.m.d.k.p.c.s.i.TwitterKafkaProducer - Received new metadata. Topic: twitter-topic; Partition: 1, Offset: 23; Timestamp: 1626620568155, at time: 206524299193000
2021-07-18 15:02:48 [Twitter4J Async Dispatcher[0]] INFO  c.m.d.t.t.k.s.l.TwitterKafkaStatusListener - Received status text RT @gp_pulipaka: Ensemble Learning in ML. #BigData #Analytics #DataScience #AI #MachineLearning #IoT #IIoT #PyTorch #Python #RStats #Tensor? sending to Kafka topic twitter-topic
2021-07-18 15:02:48 [Twitter4J Async Dispatcher[0]] INFO  c.m.d.k.p.c.s.i.TwitterKafkaProducer - Sending message='{"userId": 1127829883013361665, "id": 1416775655849701376, "text": "RT @gp_pulipaka: Ensemble Learning in ML. #BigData #Analytics #DataScience #AI #MachineLearning #IoT #IIoT #PyTorch #Python #RStats #Tensor\u2026", "createdAt": 1626620613000}' to topic='twitter-topic'
2021-07-18 15:02:48 [kafka-producer-network-thread | producer-1] DEBUG c.m.d.k.p.c.s.i.TwitterKafkaProducer - Received new metadata. Topic: twitter-topic; Partition: 0, Offset: 33; Timestamp: 1626620568761, at time: 206524905384300
2021-07-18 15:02:53 [Twitter4J Async Dispatcher[0]] INFO  c.m.d.t.t.k.s.l.TwitterKafkaStatusListener - Received status text RT @Udemy_Coupons1: Information Gathering ? Phase 1 of Cyber Security
https://t.co/so1wFGXNu4

#MachineLearning. #BigData #Analytics #DataS? sending to Kafka topic twitter-topic
2021-07-18 15:02:53 [Twitter4J Async Dispatcher[0]] INFO  c.m.d.k.p.c.s.i.TwitterKafkaProducer - Sending message='{"userId": 1336432915941474305, "id": 1416775675369992199, "text": "RT @Udemy_Coupons1: Information Gathering \u2013 Phase 1 of Cyber Security\nhttps://t.co/so1wFGXNu4\n\n#MachineLearning. #BigData #Analytics #DataS\u2026", "createdAt": 1626620618000}' to topic='twitter-topic'
2021-07-18 15:02:53 [kafka-producer-network-thread | producer-1] DEBUG c.m.d.k.p.c.s.i.TwitterKafkaProducer - Received new metadata. Topic: twitter-topic; Partition: 0, Offset: 34; Timestamp: 1626620573430, at time: 206529572535300
2021-07-18 15:02:53 [Twitter4J Async Dispatcher[0]] INFO  c.m.d.t.t.k.s.l.TwitterKafkaStatusListener - Received status text RT @Udemy_Coupons1: Information Gathering ? Phase 1 of Cyber Security
https://t.co/so1wFGXNu4

#MachineLearning. #BigData #Analytics #DataS? sending to Kafka topic twitter-topic
2021-07-18 15:02:53 [Twitter4J Async Dispatcher[0]] INFO  c.m.d.k.p.c.s.i.TwitterKafkaProducer - Sending message='{"userId": 3040871649, "id": 1416775677035139083, "text": "RT @Udemy_Coupons1: Information Gathering \u2013 Phase 1 of Cyber Security\nhttps://t.co/so1wFGXNu4\n\n#MachineLearning. #BigData #Analytics #DataS\u2026", "createdAt": 1626620618000}' to topic='twitter-topic'
2021-07-18 15:02:53 [kafka-producer-network-thread | producer-1] DEBUG c.m.d.k.p.c.s.i.TwitterKafkaProducer - Received new metadata. Topic: twitter-topic; Partition: 1, Offset: 24; Timestamp: 1626620573852, at time: 206529995238100
2021-07-18 15:02:54 [Twitter4J Async Dispatcher[0]] INFO  c.m.d.t.t.k.s.l.TwitterKafkaStatusListener - Received status text RT @Udemy_Coupons1: Information Gathering ? Phase 1 of Cyber Security
https://t.co/so1wFGXNu4

#MachineLearning. #BigData #Analytics #DataS? sending to Kafka topic twitter-topic
2021-07-18 15:02:54 [Twitter4J Async Dispatcher[0]] INFO  c.m.d.k.p.c.s.i.TwitterKafkaProducer - Sending message='{"userId": 1364497572509880322, "id": 1416775679656534017, "text": "RT @Udemy_Coupons1: Information Gathering \u2013 Phase 1 of Cyber Security\nhttps://t.co/so1wFGXNu4\n\n#MachineLearning. #BigData #Analytics #DataS\u2026", "createdAt": 1626620619000}' to topic='twitter-topic'
2021-07-18 15:02:54 [kafka-producer-network-thread | producer-1] DEBUG c.m.d.k.p.c.s.i.TwitterKafkaProducer - Received new metadata. Topic: twitter-topic; Partition: 2, Offset: 23; Timestamp: 1626620574444, at time: 206530587974400
2021-07-18 15:03:05 [Twitter4J Async Dispatcher[0]] INFO  c.m.d.t.t.k.s.l.TwitterKafkaStatusListener - Received status text RT @japanese_cm: J-PHONE J-SH07 Java??? ?????????5 https://t.co/x2OY7tPd2B sending to Kafka topic twitter-topic
2021-07-18 15:03:05 [Twitter4J Async Dispatcher[0]] INFO  c.m.d.k.p.c.s.i.TwitterKafkaProducer - Sending message='{"userId": 1122423757, "id": 1416775724850049027, "text": "RT @japanese_cm: J-PHONE J-SH07 Java??? ?????????5 https://t.co/x2OY7tPd2B", "createdAt": 1626620629000}' to topic='twitter-topic'
2021-07-18 15:03:05 [kafka-producer-network-thread | producer-1] DEBUG c.m.d.k.p.c.s.i.TwitterKafkaProducer - Received new metadata. Topic: twitter-topic; Partition: 0, Offset: 35; Timestamp: 1626620585265, at time: 206541410187700
2021-07-18 15:03:07 [Twitter4J Async Dispatcher[0]] INFO  c.m.d.t.t.k.s.l.TwitterKafkaStatusListener - Received status text ?????????? sending to Kafka topic twitter-topic
2021-07-18 15:03:07 [Twitter4J Async Dispatcher[0]] INFO  c.m.d.k.p.c.s.i.TwitterKafkaProducer - Sending message='{"userId": 1387035985309954055, "id": 1416775735289675779, "text": "?????????\u2026", "createdAt": 1626620632000}' to topic='twitter-topic'
2021-07-18 15:03:07 [kafka-producer-network-thread | producer-1] DEBUG c.m.d.k.p.c.s.i.TwitterKafkaProducer - Received new metadata. Topic: twitter-topic; Partition: 0, Offset: 36; Timestamp: 1626620587679, at time: 206543822975100
2021-07-18 15:03:08 [Twitter4J Async Dispatcher[0]] INFO  c.m.d.t.t.k.s.l.TwitterKafkaStatusListener - Received status text RT @Udemy_Coupons1: Information Gathering ? Phase 1 of Cyber Security
https://t.co/so1wFGXNu4

#MachineLearning. #BigData #Analytics #DataS? sending to Kafka topic twitter-topic
2021-07-18 15:03:08 [Twitter4J Async Dispatcher[0]] INFO  c.m.d.k.p.c.s.i.TwitterKafkaProducer - Sending message='{"userId": 1127829883013361665, "id": 1416775739920244739, "text": "RT @Udemy_Coupons1: Information Gathering \u2013 Phase 1 of Cyber Security\nhttps://t.co/so1wFGXNu4\n\n#MachineLearning. #BigData #Analytics #DataS\u2026", "createdAt": 1626620633000}' to topic='twitter-topic'
2021-07-18 15:03:08 [kafka-producer-network-thread | producer-1] DEBUG c.m.d.k.p.c.s.i.TwitterKafkaProducer - Received new metadata. Topic: twitter-topic; Partition: 0, Offset: 37; Timestamp: 1626620588832, at time: 206544978197600
2021-07-18 15:03:15 [Twitter4J Async Dispatcher[0]] INFO  c.m.d.t.t.k.s.l.TwitterKafkaStatusListener - Received status text RT @BOUND_TO_BEAT: @althenaksa Tak terasa, konser Sirius Glitz telah selesai, ditutup dengan penampilan dari semua pengisi acara yang kini? sending to Kafka topic twitter-topic
2021-07-18 15:03:15 [Twitter4J Async Dispatcher[0]] INFO  c.m.d.k.p.c.s.i.TwitterKafkaProducer - Sending message='{"userId": 4384286833, "id": 1416775770060386306, "text": "RT @BOUND_TO_BEAT: @althenaksa Tak terasa, konser Sirius Glitz telah selesai, ditutup dengan penampilan dari semua pengisi acara yang kini\u2026", "createdAt": 1626620640000}' to topic='twitter-topic'
2021-07-18 15:03:15 [kafka-producer-network-thread | producer-1] DEBUG c.m.d.k.p.c.s.i.TwitterKafkaProducer - Received new metadata. Topic: twitter-topic; Partition: 1, Offset: 25; Timestamp: 1626620595952, at time: 206552096081600
2021-07-18 15:03:17 [Twitter4J Async Dispatcher[0]] INFO  c.m.d.t.t.k.s.l.TwitterKafkaStatusListener - Received status text ?????:35???????(00:04)

??????? ??????????? ????????? 50???

??:?1,134
?????:101
https://t.co/P87cpb9qg7 sending to Kafka topic twitter-topic
2021-07-18 15:03:17 [Twitter4J Async Dispatcher[0]] INFO  c.m.d.k.p.c.s.i.TwitterKafkaProducer - Sending message='{"userId": 2433651774, "id": 1416775778109251587, "text": "?????:35???????(00:04)\n\n??????? ??????????? ????????? 50???\n\n??:?1,134\n?????:101\nhttps://t.co/P87cpb9qg7", "createdAt": 1626620642000}' to topic='twitter-topic'
2021-07-18 15:03:17 [kafka-producer-network-thread | producer-1] DEBUG c.m.d.k.p.c.s.i.TwitterKafkaProducer - Received new metadata. Topic: twitter-topic; Partition: 0, Offset: 38; Timestamp: 1626620597883, at time: 206554026320200
2021-07-18 15:03:19 [Twitter4J Async Dispatcher[0]] INFO  c.m.d.t.t.k.s.l.TwitterKafkaStatusListener - Received status text @bigchiefrinoboy if u ain't got java ur missing out, there's a server literally called QUEERCRAFT it's great
@aloyisincontrol u get it u get it sending to Kafka topic twitter-topic
2021-07-18 15:03:19 [Twitter4J Async Dispatcher[0]] INFO  c.m.d.k.p.c.s.i.TwitterKafkaProducer - Sending message='{"userId": 1166466443887747072, "id": 1416775784098893824, "text": "@bigchiefrinoboy if u ain't got java ur missing out, there's a server literally called QUEERCRAFT it's great\n@aloyisincontrol u get it u get it", "createdAt": 1626620644000}' to topic='twitter-topic'
2021-07-18 15:03:19 [kafka-producer-network-thread | producer-1] DEBUG c.m.d.k.p.c.s.i.TwitterKafkaProducer - Received new metadata. Topic: twitter-topic; Partition: 2, Offset: 24; Timestamp: 1626620599358, at time: 206555500268300
2021-07-18 15:03:21 [Twitter4J Async Dispatcher[0]] INFO  c.m.d.t.t.k.s.l.TwitterKafkaStatusListener - Received status text $SOS $NKLA $BYND $BNGO $BABA $AMC $T $NIO $DIS $INO sending to Kafka topic twitter-topic
2021-07-18 15:03:21 [Twitter4J Async Dispatcher[0]] INFO  c.m.d.k.p.c.s.i.TwitterKafkaProducer - Sending message='{"userId": 1416772097624272898, "id": 1416775792520925196, "text": "$SOS $NKLA $BYND $BNGO $BABA $AMC $T $NIO $DIS $INO", "createdAt": 1626620646000}' to topic='twitter-topic'
2021-07-18 15:03:21 [kafka-producer-network-thread | producer-1] DEBUG c.m.d.k.p.c.s.i.TwitterKafkaProducer - Received new metadata. Topic: twitter-topic; Partition: 1, Offset: 26; Timestamp: 1626620601338, at time: 206557481334800
2021-07-18 15:03:26 [Twitter4J Async Dispatcher[0]] INFO  c.m.d.t.t.k.s.l.TwitterKafkaStatusListener - Received status text Gratis indirimini de?il kitapyurdu indirimlerini takip etti?im i?in mi yaln?z?m acaba? Ya da dedikodu yapmak yerine Kafka tart??t???m i?in mi? Ne yapal?m b?yleyim i?te. Sahaf kokusunu parf?m kokusuna tercih ediyorum. San?r?m biraz tuhaf?m.. https://t.co/vMs7DxUDxO sending to Kafka topic twitter-topic
2021-07-18 15:03:26 [Twitter4J Async Dispatcher[0]] INFO  c.m.d.k.p.c.s.i.TwitterKafkaProducer - Sending message='{"userId": 294816294, "id": 1416775813375143939, "text": "Gratis indirimini de?il kitapyurdu indirimlerini takip etti?im i?in mi yaln?z?m acaba? Ya da dedikodu yapmak yerine Kafka tart??t???m i?in mi? Ne yapal?m b?yleyim i?te. Sahaf kokusunu parf?m kokusuna tercih ediyorum. San?r?m biraz tuhaf?m.. https://t.co/vMs7DxUDxO", "createdAt": 1626620650000}' to topic='twitter-topic'
2021-07-18 15:03:26 [kafka-producer-network-thread | producer-1] DEBUG c.m.d.k.p.c.s.i.TwitterKafkaProducer - Received new metadata. Topic: twitter-topic; Partition: 1, Offset: 27; Timestamp: 1626620606477, at time: 206562621832000
2021-07-18 15:03:28 [Twitter4J Async Dispatcher[0]] INFO  c.m.d.t.t.k.s.l.TwitterKafkaStatusListener - Received status text RT @literlandweb1: "Kafka en la orilla"
#Murakami https://t.co/lfxLWpv1Z5 sending to Kafka topic twitter-topic
2021-07-18 15:03:28 [Twitter4J Async Dispatcher[0]] INFO  c.m.d.k.p.c.s.i.TwitterKafkaProducer - Sending message='{"userId": 821820085484429313, "id": 1416775820937416707, "text": "RT @literlandweb1: \"Kafka en la orilla\"\n#Murakami https://t.co/lfxLWpv1Z5", "createdAt": 1626620652000}' to topic='twitter-topic'
2021-07-18 15:03:28 [kafka-producer-network-thread | producer-1] DEBUG c.m.d.k.p.c.s.i.TwitterKafkaProducer - Received new metadata. Topic: twitter-topic; Partition: 0, Offset: 39; Timestamp: 1626620608095, at time: 206564237596600
2021-07-18 15:03:28 [Twitter4J Async Dispatcher[0]] INFO  c.m.d.t.t.k.s.l.TwitterKafkaStatusListener - Received status text ????Minecraft Java 1.16.5 Powered by Spigot ??????????????
???????????????:https://t.co/kuDCeXSuV3
????????????? sending to Kafka topic twitter-topic
2021-07-18 15:03:28 [Twitter4J Async Dispatcher[0]] INFO  c.m.d.k.p.c.s.i.TwitterKafkaProducer - Sending message='{"userId": 1119434278188699649, "id": 1416775824397774848, "text": "????Minecraft Java 1.16.5 Powered by Spigot ??????????????\n???????????????:https://t.co/kuDCeXSuV3\n?????????????", "createdAt": 1626620653000}' to topic='twitter-topic'
2021-07-18 15:03:28 [kafka-producer-network-thread | producer-1] DEBUG c.m.d.k.p.c.s.i.TwitterKafkaProducer - Received new metadata. Topic: twitter-topic; Partition: 2, Offset: 25; Timestamp: 1626620608885, at time: 206565028963300
2021-07-18 15:03:31 [Twitter4J Async Dispatcher[0]] INFO  c.m.d.t.t.k.s.l.TwitterKafkaStatusListener - Received status text RT @mytrashcode: No. 1058 programming meme #programmingjoke #code #coding #javascript #python #datascience #programming #programmer #joke #? sending to Kafka topic twitter-topic
2021-07-18 15:03:31 [Twitter4J Async Dispatcher[0]] INFO  c.m.d.k.p.c.s.i.TwitterKafkaProducer - Sending message='{"userId": 1320998551942475781, "id": 1416775836234096648, "text": "RT @mytrashcode: No. 1058 programming meme #programmingjoke #code #coding #javascript #python #datascience #programming #programmer #joke #\u2026", "createdAt": 1626620656000}' to topic='twitter-topic'
2021-07-18 15:03:31 [kafka-producer-network-thread | producer-1] DEBUG c.m.d.k.p.c.s.i.TwitterKafkaProducer - Received new metadata. Topic: twitter-topic; Partition: 2, Offset: 26; Timestamp: 1626620611742, at time: 206567884913700
2021-07-18 15:03:37 [Twitter4J Async Dispatcher[0]] INFO  c.m.d.t.t.k.s.l.TwitterKafkaStatusListener - Received status text RT @hedgerocketcoin: HedgeRocket Token is a BEP20 token built on the (BSC) network as its initial platform for the operation and it is gove? sending to Kafka topic twitter-topic
2021-07-18 15:03:37 [Twitter4J Async Dispatcher[0]] INFO  c.m.d.k.p.c.s.i.TwitterKafkaProducer - Sending message='{"userId": 1406299805148540931, "id": 1416775858778513408, "text": "RT @hedgerocketcoin: HedgeRocket Token is a BEP20 token built on the (BSC) network as its initial platform for the operation and it is gove\u2026", "createdAt": 1626620661000}' to topic='twitter-topic'
2021-07-18 15:03:37 [kafka-producer-network-thread | producer-1] DEBUG c.m.d.k.p.c.s.i.TwitterKafkaProducer - Received new metadata. Topic: twitter-topic; Partition: 0, Offset: 40; Timestamp: 1626620617211, at time: 206573352778700
2021-07-18 15:03:41 [Twitter4J Async Dispatcher[0]] INFO  c.m.d.t.t.k.s.l.TwitterKafkaStatusListener - Received status text Kirli bir camdan bak?p herkesi ve her ?eyi kirli san?yorsunuz.

|| Franz Kafka sending to Kafka topic twitter-topic
2021-07-18 15:03:41 [Twitter4J Async Dispatcher[0]] INFO  c.m.d.k.p.c.s.i.TwitterKafkaProducer - Sending message='{"userId": 1364529319142428674, "id": 1416775877183016960, "text": "Kirli bir camdan bak?p herkesi ve her ?eyi kirli san?yorsunuz.\n\n|| Franz Kafka", "createdAt": 1626620666000}' to topic='twitter-topic'
2021-07-18 15:03:41 [kafka-producer-network-thread | producer-1] DEBUG c.m.d.k.p.c.s.i.TwitterKafkaProducer - Received new metadata. Topic: twitter-topic; Partition: 2, Offset: 27; Timestamp: 1626620621614, at time: 206577758375100
2021-07-18 15:03:45 [Twitter4J Async Dispatcher[0]] INFO  c.m.d.t.t.k.s.l.TwitterKafkaStatusListener - Received status text RT @d_feldman: * deep breath * 
Ruby, Perl, Python, Haskell, Java, Clojure, Go, C, C++, PHP https://t.co/pJQcpNgzue sending to Kafka topic twitter-topic
2021-07-18 15:03:45 [Twitter4J Async Dispatcher[0]] INFO  c.m.d.k.p.c.s.i.TwitterKafkaProducer - Sending message='{"userId": 17735070, "id": 1416775894237073410, "text": "RT @d_feldman: * deep breath * \nRuby, Perl, Python, Haskell, Java, Clojure, Go, C, C++, PHP https://t.co/pJQcpNgzue", "createdAt": 1626620670000}' to topic='twitter-topic'
2021-07-18 15:03:45 [kafka-producer-network-thread | producer-1] DEBUG c.m.d.k.p.c.s.i.TwitterKafkaProducer - Received new metadata. Topic: twitter-topic; Partition: 2, Offset: 28; Timestamp: 1626620625603, at time: 206581747412200
2021-07-18 15:03:45 [Twitter4J Async Dispatcher[0]] INFO  c.m.d.t.t.k.s.l.TwitterKafkaStatusListener - Received status text RT @EntarchS: How to become a Full Stack Developer.

#100DaysOfCode #Artificial_Intelligence #MachineLearning #CodeNewbie #KnowProgram #Ful? sending to Kafka topic twitter-topic
2021-07-18 15:03:45 [Twitter4J Async Dispatcher[0]] INFO  c.m.d.k.p.c.s.i.TwitterKafkaProducer - Sending message='{"userId": 1352445389903859712, "id": 1416775895113601024, "text": "RT @EntarchS: How to become a Full Stack Developer.\n\n#100DaysOfCode #Artificial_Intelligence #MachineLearning #CodeNewbie #KnowProgram #Ful\u2026", "createdAt": 1626620670000}' to topic='twitter-topic'
2021-07-18 15:03:45 [kafka-producer-network-thread | producer-1] DEBUG c.m.d.k.p.c.s.i.TwitterKafkaProducer - Received new metadata. Topic: twitter-topic; Partition: 0, Offset: 41; Timestamp: 1626620625915, at time: 206582058315400
2021-07-18 15:03:55 [Twitter4J Async Dispatcher[0]] INFO  c.m.d.t.t.k.s.l.TwitterKafkaStatusListener - Received status text RT @gp_pulipaka: Top Reading List for Geeks in ML, #Mathematics. #BigData #Analytics #DataScience #IoT #IIoT #PyTorch #Python #RStats #Tens? sending to Kafka topic twitter-topic
2021-07-18 15:03:55 [Twitter4J Async Dispatcher[0]] INFO  c.m.d.k.p.c.s.i.TwitterKafkaProducer - Sending message='{"userId": 766796667957891076, "id": 1416775934099742721, "text": "RT @gp_pulipaka: Top Reading List for Geeks in ML, #Mathematics. #BigData #Analytics #DataScience #IoT #IIoT #PyTorch #Python #RStats #Tens\u2026", "createdAt": 1626620679000}' to topic='twitter-topic'
2021-07-18 15:03:55 [kafka-producer-network-thread | producer-1] DEBUG c.m.d.k.p.c.s.i.TwitterKafkaProducer - Received new metadata. Topic: twitter-topic; Partition: 2, Offset: 29; Timestamp: 1626620635099, at time: 206591242530600
