2021-07-18 14:56:32 [background-preinit] INFO  o.h.validator.internal.util.Version - HV000001: Hibernate Validator 6.1.5.Final
2021-07-18 14:56:56 [main] INFO  c.m.demo.config.server.ConfigServer - No active profile set, falling back to default profiles: default
2021-07-18 14:57:15 [main] INFO  o.s.cloud.context.scope.GenericScope - BeanFactory id=2a519873-3bf9-3410-9240-bed5bf7485b8
2021-07-18 14:57:21 [main] INFO  o.s.b.w.e.tomcat.TomcatWebServer - Tomcat initialized with port(s): 8888 (http)
2021-07-18 14:57:21 [main] INFO  o.a.coyote.http11.Http11NioProtocol - Initializing ProtocolHandler ["http-nio-8888"]
2021-07-18 14:57:21 [main] INFO  o.a.catalina.core.StandardService - Starting service [Tomcat]
2021-07-18 14:57:21 [main] INFO  o.a.catalina.core.StandardEngine - Starting Servlet engine: [Apache Tomcat/9.0.38]
2021-07-18 14:57:23 [main] INFO  o.a.c.c.C.[Tomcat].[localhost].[/] - Initializing Spring embedded WebApplicationContext
2021-07-18 14:57:23 [main] INFO  o.s.b.w.s.c.ServletWebServerApplicationContext - Root WebApplicationContext: initialization completed in 26113 ms
2021-07-18 14:57:35 [main] INFO  o.s.s.c.ThreadPoolTaskExecutor - Initializing ExecutorService 'applicationTaskExecutor'
2021-07-18 14:58:17 [main] INFO  o.s.s.web.DefaultSecurityFilterChain - Creating filter chain: Ant [pattern='/encrypt/**'], []
2021-07-18 14:58:17 [main] INFO  o.s.s.web.DefaultSecurityFilterChain - Creating filter chain: Ant [pattern='/decrypt/**'], []
2021-07-18 14:58:17 [main] INFO  o.s.s.web.DefaultSecurityFilterChain - Creating filter chain: Ant [pattern='/actuator/**'], []
2021-07-18 14:58:18 [main] INFO  o.s.s.web.DefaultSecurityFilterChain - Creating filter chain: any request, [org.springframework.security.web.context.request.async.WebAsyncManagerIntegrationFilter@34695b23, org.springframework.security.web.context.SecurityContextPersistenceFilter@45849604, org.springframework.security.web.header.HeaderWriterFilter@398694a6, org.springframework.security.web.csrf.CsrfFilter@79c1ccf7, org.springframework.security.web.authentication.logout.LogoutFilter@3639b04, org.springframework.security.web.authentication.UsernamePasswordAuthenticationFilter@396f2724, org.springframework.security.web.authentication.ui.DefaultLoginPageGeneratingFilter@31fe0ce5, org.springframework.security.web.authentication.ui.DefaultLogoutPageGeneratingFilter@611a2d82, org.springframework.security.web.authentication.www.BasicAuthenticationFilter@1feb586d, org.springframework.security.web.savedrequest.RequestCacheAwareFilter@25823192, org.springframework.security.web.servletapi.SecurityContextHolderAwareRequestFilter@779b4f9c, org.springframework.security.web.authentication.AnonymousAuthenticationFilter@6774f264, org.springframework.security.web.session.SessionManagementFilter@6b64429e, org.springframework.security.web.access.ExceptionTranslationFilter@2419fe6f, org.springframework.security.web.access.intercept.FilterSecurityInterceptor@20a946d9]
2021-07-18 14:58:20 [main] INFO  o.s.b.a.e.web.EndpointLinksResolver - Exposing 2 endpoint(s) beneath base path '/actuator'
2021-07-18 14:58:20 [main] INFO  o.a.coyote.http11.Http11NioProtocol - Starting ProtocolHandler ["http-nio-8888"]
2021-07-18 14:58:21 [main] INFO  o.s.b.w.e.tomcat.TomcatWebServer - Tomcat started on port(s): 8888 (http) with context path ''
2021-07-18 14:58:21 [main] INFO  c.m.demo.config.server.ConfigServer - Started ConfigServer in 116.894 seconds (JVM running for 123.65)
2021-07-18 14:58:32 [http-nio-8888-exec-1] INFO  o.a.c.c.C.[Tomcat].[localhost].[/] - Initializing Spring DispatcherServlet 'dispatcherServlet'
2021-07-18 14:58:32 [http-nio-8888-exec-1] INFO  o.s.web.servlet.DispatcherServlet - Initializing Servlet 'dispatcherServlet'
2021-07-18 14:58:32 [http-nio-8888-exec-1] INFO  o.s.web.servlet.DispatcherServlet - Completed initialization in 93 ms
2021-07-18 14:58:36 [http-nio-8888-exec-1] INFO  o.s.c.c.s.e.NativeEnvironmentRepository - Adding property source: file:/tmp/config-repo-4916293261913438003/config-client-elastic_query.yml
2021-07-18 14:58:36 [http-nio-8888-exec-1] INFO  o.s.c.c.s.e.NativeEnvironmentRepository - Adding property source: file:/tmp/config-repo-4916293261913438003/config-client.yml
2021-07-18 14:59:17 [http-nio-8888-exec-4] INFO  o.s.c.c.s.e.NativeEnvironmentRepository - Adding property source: file:/tmp/config-repo-4916293261913438003/config-client-twitter_to_kafka.yml
2021-07-18 14:59:17 [http-nio-8888-exec-4] INFO  o.s.c.c.s.e.NativeEnvironmentRepository - Adding property source: file:/tmp/config-repo-4916293261913438003/config-client.yml
2021-07-18 14:59:31 [http-nio-8888-exec-5] INFO  o.s.c.c.s.e.NativeEnvironmentRepository - Adding property source: file:/tmp/config-repo-4916293261913438003/config-client-kafka_to_elastic.yml
2021-07-18 14:59:31 [http-nio-8888-exec-5] INFO  o.s.c.c.s.e.NativeEnvironmentRepository - Adding property source: file:/tmp/config-repo-4916293261913438003/config-client.yml
2021-07-18 15:04:02 [SpringContextShutdownHook] INFO  o.s.s.c.ThreadPoolTaskExecutor - Shutting down ExecutorService 'applicationTaskExecutor'
2021-07-18 15:40:25 [background-preinit] INFO  o.h.validator.internal.util.Version - HV000001: Hibernate Validator 6.1.5.Final
2021-07-18 15:40:35 [main] INFO  c.m.demo.config.server.ConfigServer - No active profile set, falling back to default profiles: default
2021-07-18 15:40:45 [main] INFO  o.s.cloud.context.scope.GenericScope - BeanFactory id=2a519873-3bf9-3410-9240-bed5bf7485b8
2021-07-18 15:40:49 [main] INFO  o.s.b.w.e.tomcat.TomcatWebServer - Tomcat initialized with port(s): 8888 (http)
2021-07-18 15:40:49 [main] INFO  o.a.coyote.http11.Http11NioProtocol - Initializing ProtocolHandler ["http-nio-8888"]
2021-07-18 15:40:49 [main] INFO  o.a.catalina.core.StandardService - Starting service [Tomcat]
2021-07-18 15:40:49 [main] INFO  o.a.catalina.core.StandardEngine - Starting Servlet engine: [Apache Tomcat/9.0.38]
2021-07-18 15:40:50 [main] INFO  o.a.c.c.C.[Tomcat].[localhost].[/] - Initializing Spring embedded WebApplicationContext
2021-07-18 15:40:50 [main] INFO  o.s.b.w.s.c.ServletWebServerApplicationContext - Root WebApplicationContext: initialization completed in 15600 ms
2021-07-18 15:40:57 [main] INFO  o.s.s.c.ThreadPoolTaskExecutor - Initializing ExecutorService 'applicationTaskExecutor'
2021-07-18 15:41:26 [main] INFO  o.s.s.web.DefaultSecurityFilterChain - Creating filter chain: Ant [pattern='/encrypt/**'], []
2021-07-18 15:41:26 [main] INFO  o.s.s.web.DefaultSecurityFilterChain - Creating filter chain: Ant [pattern='/decrypt/**'], []
2021-07-18 15:41:26 [main] INFO  o.s.s.web.DefaultSecurityFilterChain - Creating filter chain: Ant [pattern='/actuator/**'], []
2021-07-18 15:41:26 [main] INFO  o.s.s.web.DefaultSecurityFilterChain - Creating filter chain: any request, [org.springframework.security.web.context.request.async.WebAsyncManagerIntegrationFilter@7d95166a, org.springframework.security.web.context.SecurityContextPersistenceFilter@653e7b, org.springframework.security.web.header.HeaderWriterFilter@2862271a, org.springframework.security.web.csrf.CsrfFilter@42ffbab6, org.springframework.security.web.authentication.logout.LogoutFilter@41a8f0d8, org.springframework.security.web.authentication.UsernamePasswordAuthenticationFilter@4cadd4d4, org.springframework.security.web.authentication.ui.DefaultLoginPageGeneratingFilter@16d61071, org.springframework.security.web.authentication.ui.DefaultLogoutPageGeneratingFilter@18b3db6e, org.springframework.security.web.authentication.www.BasicAuthenticationFilter@24e1e90a, org.springframework.security.web.savedrequest.RequestCacheAwareFilter@48aa0813, org.springframework.security.web.servletapi.SecurityContextHolderAwareRequestFilter@64544ee4, org.springframework.security.web.authentication.AnonymousAuthenticationFilter@1feb586d, org.springframework.security.web.session.SessionManagementFilter@78fb72cb, org.springframework.security.web.access.ExceptionTranslationFilter@294ebe11, org.springframework.security.web.access.intercept.FilterSecurityInterceptor@4c28f97e]
2021-07-18 15:41:29 [main] INFO  o.s.b.a.e.web.EndpointLinksResolver - Exposing 2 endpoint(s) beneath base path '/actuator'
2021-07-18 15:41:29 [main] INFO  o.a.coyote.http11.Http11NioProtocol - Starting ProtocolHandler ["http-nio-8888"]
2021-07-18 15:41:30 [main] INFO  o.s.b.w.e.tomcat.TomcatWebServer - Tomcat started on port(s): 8888 (http) with context path ''
2021-07-18 15:41:30 [main] INFO  c.m.demo.config.server.ConfigServer - Started ConfigServer in 68.082 seconds (JVM running for 71.251)
2021-07-18 15:42:05 [http-nio-8888-exec-2] INFO  o.a.c.c.C.[Tomcat].[localhost].[/] - Initializing Spring DispatcherServlet 'dispatcherServlet'
2021-07-18 15:42:05 [http-nio-8888-exec-2] INFO  o.s.web.servlet.DispatcherServlet - Initializing Servlet 'dispatcherServlet'
2021-07-18 15:42:05 [http-nio-8888-exec-2] INFO  o.s.web.servlet.DispatcherServlet - Completed initialization in 16 ms
2021-07-18 15:42:12 [http-nio-8888-exec-1] INFO  o.s.c.c.s.e.NativeEnvironmentRepository - Adding property source: file:/tmp/config-repo-544636882237169135/config-client-twitter_to_kafka.yml
2021-07-18 15:42:12 [http-nio-8888-exec-1] INFO  o.s.c.c.s.e.NativeEnvironmentRepository - Adding property source: file:/tmp/config-repo-544636882237169135/config-client.yml
2021-07-18 15:42:23 [http-nio-8888-exec-4] INFO  o.s.c.c.s.e.NativeEnvironmentRepository - Adding property source: file:/tmp/config-repo-544636882237169135/config-client-elastic_query.yml
2021-07-18 15:42:23 [http-nio-8888-exec-4] INFO  o.s.c.c.s.e.NativeEnvironmentRepository - Adding property source: file:/tmp/config-repo-544636882237169135/config-client.yml
2021-07-18 15:42:32 [http-nio-8888-exec-5] INFO  o.s.c.c.s.e.NativeEnvironmentRepository - Adding property source: file:/tmp/config-repo-544636882237169135/config-client-kafka_to_elastic.yml
2021-07-18 15:42:32 [http-nio-8888-exec-5] INFO  o.s.c.c.s.e.NativeEnvironmentRepository - Adding property source: file:/tmp/config-repo-544636882237169135/config-client.yml
