2021-07-15 15:15:44 [background-preinit] INFO  o.h.validator.internal.util.Version - HV000001: Hibernate Validator 6.1.5.Final
2021-07-15 15:16:04 [main] INFO  c.m.demo.config.server.ConfigServer - No active profile set, falling back to default profiles: default
2021-07-15 15:16:09 [main] INFO  o.s.cloud.context.scope.GenericScope - BeanFactory id=2a519873-3bf9-3410-9240-bed5bf7485b8
2021-07-15 15:16:11 [main] INFO  o.s.b.w.e.tomcat.TomcatWebServer - Tomcat initialized with port(s): 8888 (http)
2021-07-15 15:16:11 [main] INFO  o.a.coyote.http11.Http11NioProtocol - Initializing ProtocolHandler ["http-nio-8888"]
2021-07-15 15:16:11 [main] INFO  o.a.catalina.core.StandardService - Starting service [Tomcat]
2021-07-15 15:16:11 [main] INFO  o.a.catalina.core.StandardEngine - Starting Servlet engine: [Apache Tomcat/9.0.38]
2021-07-15 15:16:12 [main] INFO  o.a.c.c.C.[Tomcat].[localhost].[/] - Initializing Spring embedded WebApplicationContext
2021-07-15 15:16:12 [main] INFO  o.s.b.w.s.c.ServletWebServerApplicationContext - Root WebApplicationContext: initialization completed in 8388 ms
2021-07-15 15:16:20 [main] INFO  o.s.s.c.ThreadPoolTaskExecutor - Initializing ExecutorService 'applicationTaskExecutor'
2021-07-15 15:16:39 [main] INFO  o.s.s.web.DefaultSecurityFilterChain - Creating filter chain: Ant [pattern='/encrypt/**'], []
2021-07-15 15:16:39 [main] INFO  o.s.s.web.DefaultSecurityFilterChain - Creating filter chain: Ant [pattern='/decrypt/**'], []
2021-07-15 15:16:39 [main] INFO  o.s.s.web.DefaultSecurityFilterChain - Creating filter chain: Ant [pattern='/actuator/**'], []
2021-07-15 15:16:40 [main] INFO  o.s.s.web.DefaultSecurityFilterChain - Creating filter chain: any request, [org.springframework.security.web.context.request.async.WebAsyncManagerIntegrationFilter@63d0e8d, org.springframework.security.web.context.SecurityContextPersistenceFilter@45e69324, org.springframework.security.web.header.HeaderWriterFilter@2cacb445, org.springframework.security.web.csrf.CsrfFilter@48aa0813, org.springframework.security.web.authentication.logout.LogoutFilter@4af7ac25, org.springframework.security.web.authentication.UsernamePasswordAuthenticationFilter@3dad535f, org.springframework.security.web.authentication.ui.DefaultLoginPageGeneratingFilter@54a6ef6, org.springframework.security.web.authentication.ui.DefaultLogoutPageGeneratingFilter@69a76b74, org.springframework.security.web.authentication.www.BasicAuthenticationFilter@52eca410, org.springframework.security.web.savedrequest.RequestCacheAwareFilter@3400d6fa, org.springframework.security.web.servletapi.SecurityContextHolderAwareRequestFilter@1aee6d14, org.springframework.security.web.authentication.AnonymousAuthenticationFilter@1dd443c1, org.springframework.security.web.session.SessionManagementFilter@3a8640f7, org.springframework.security.web.access.ExceptionTranslationFilter@539ee811, org.springframework.security.web.access.intercept.FilterSecurityInterceptor@2c3679e5]
2021-07-15 15:16:40 [main] INFO  o.s.b.a.e.web.EndpointLinksResolver - Exposing 2 endpoint(s) beneath base path '/actuator'
2021-07-15 15:16:40 [main] INFO  o.a.coyote.http11.Http11NioProtocol - Starting ProtocolHandler ["http-nio-8888"]
2021-07-15 15:16:41 [main] INFO  o.s.b.w.e.tomcat.TomcatWebServer - Tomcat started on port(s): 8888 (http) with context path ''
2021-07-15 15:16:41 [main] INFO  c.m.demo.config.server.ConfigServer - Started ConfigServer in 62.829 seconds (JVM running for 69.24)
2021-07-15 15:17:35 [http-nio-8888-exec-1] INFO  o.a.c.c.C.[Tomcat].[localhost].[/] - Initializing Spring DispatcherServlet 'dispatcherServlet'
2021-07-15 15:17:35 [http-nio-8888-exec-1] INFO  o.s.web.servlet.DispatcherServlet - Initializing Servlet 'dispatcherServlet'
2021-07-15 15:17:35 [http-nio-8888-exec-1] INFO  o.s.web.servlet.DispatcherServlet - Completed initialization in 10 ms
2021-07-15 15:17:40 [http-nio-8888-exec-2] INFO  o.s.c.c.s.e.NativeEnvironmentRepository - Adding property source: file:/tmp/config-repo-653068790493792534/config-client-twitter_to_kafka.yml
2021-07-15 15:17:40 [http-nio-8888-exec-2] INFO  o.s.c.c.s.e.NativeEnvironmentRepository - Adding property source: file:/tmp/config-repo-653068790493792534/config-client.yml
2021-07-15 15:22:12 [SpringContextShutdownHook] INFO  o.s.s.c.ThreadPoolTaskExecutor - Shutting down ExecutorService 'applicationTaskExecutor'
2021-07-15 15:25:55 [background-preinit] INFO  o.h.validator.internal.util.Version - HV000001: Hibernate Validator 6.1.5.Final
2021-07-15 15:25:59 [main] INFO  c.m.demo.config.server.ConfigServer - No active profile set, falling back to default profiles: default
2021-07-15 15:26:04 [main] INFO  o.s.cloud.context.scope.GenericScope - BeanFactory id=2a519873-3bf9-3410-9240-bed5bf7485b8
2021-07-15 15:26:05 [main] INFO  o.s.b.w.e.tomcat.TomcatWebServer - Tomcat initialized with port(s): 8888 (http)
2021-07-15 15:26:05 [main] INFO  o.a.coyote.http11.Http11NioProtocol - Initializing ProtocolHandler ["http-nio-8888"]
2021-07-15 15:26:06 [main] INFO  o.a.catalina.core.StandardService - Starting service [Tomcat]
2021-07-15 15:26:06 [main] INFO  o.a.catalina.core.StandardEngine - Starting Servlet engine: [Apache Tomcat/9.0.38]
2021-07-15 15:26:06 [main] INFO  o.a.c.c.C.[Tomcat].[localhost].[/] - Initializing Spring embedded WebApplicationContext
2021-07-15 15:26:06 [main] INFO  o.s.b.w.s.c.ServletWebServerApplicationContext - Root WebApplicationContext: initialization completed in 6454 ms
2021-07-15 15:26:08 [main] INFO  o.s.s.c.ThreadPoolTaskExecutor - Initializing ExecutorService 'applicationTaskExecutor'
2021-07-15 15:26:17 [main] INFO  o.s.s.web.DefaultSecurityFilterChain - Creating filter chain: Ant [pattern='/encrypt/**'], []
2021-07-15 15:26:17 [main] INFO  o.s.s.web.DefaultSecurityFilterChain - Creating filter chain: Ant [pattern='/decrypt/**'], []
2021-07-15 15:26:17 [main] INFO  o.s.s.web.DefaultSecurityFilterChain - Creating filter chain: Ant [pattern='/actuator/**'], []
2021-07-15 15:26:17 [main] INFO  o.s.s.web.DefaultSecurityFilterChain - Creating filter chain: any request, [org.springframework.security.web.context.request.async.WebAsyncManagerIntegrationFilter@6c9151c1, org.springframework.security.web.context.SecurityContextPersistenceFilter@6fdc2db6, org.springframework.security.web.header.HeaderWriterFilter@6cbbfe29, org.springframework.security.web.csrf.CsrfFilter@3e9b3b3c, org.springframework.security.web.authentication.logout.LogoutFilter@5c740c5a, org.springframework.security.web.authentication.UsernamePasswordAuthenticationFilter@300aa927, org.springframework.security.web.authentication.ui.DefaultLoginPageGeneratingFilter@539ee811, org.springframework.security.web.authentication.ui.DefaultLogoutPageGeneratingFilter@2c3679e5, org.springframework.security.web.authentication.www.BasicAuthenticationFilter@5cd701e4, org.springframework.security.web.savedrequest.RequestCacheAwareFilter@64544ee4, org.springframework.security.web.servletapi.SecurityContextHolderAwareRequestFilter@2a531637, org.springframework.security.web.authentication.AnonymousAuthenticationFilter@41f40dfa, org.springframework.security.web.session.SessionManagementFilter@3df04fa1, org.springframework.security.web.access.ExceptionTranslationFilter@48aa0813, org.springframework.security.web.access.intercept.FilterSecurityInterceptor@396f2724]
2021-07-15 15:26:18 [main] INFO  o.s.b.a.e.web.EndpointLinksResolver - Exposing 2 endpoint(s) beneath base path '/actuator'
2021-07-15 15:26:18 [main] INFO  o.a.coyote.http11.Http11NioProtocol - Starting ProtocolHandler ["http-nio-8888"]
2021-07-15 15:26:18 [main] INFO  o.s.b.w.e.tomcat.TomcatWebServer - Tomcat started on port(s): 8888 (http) with context path ''
2021-07-15 15:26:19 [main] INFO  c.m.demo.config.server.ConfigServer - Started ConfigServer in 26.095 seconds (JVM running for 28.59)
2021-07-15 15:27:12 [http-nio-8888-exec-2] INFO  o.a.c.c.C.[Tomcat].[localhost].[/] - Initializing Spring DispatcherServlet 'dispatcherServlet'
2021-07-15 15:27:12 [http-nio-8888-exec-2] INFO  o.s.web.servlet.DispatcherServlet - Initializing Servlet 'dispatcherServlet'
2021-07-15 15:27:12 [http-nio-8888-exec-2] INFO  o.s.web.servlet.DispatcherServlet - Completed initialization in 16 ms
2021-07-15 15:27:20 [http-nio-8888-exec-3] INFO  o.s.c.c.s.e.NativeEnvironmentRepository - Adding property source: file:/tmp/config-repo-15113891570941030505/config-client-twitter_to_kafka.yml
2021-07-15 15:27:20 [http-nio-8888-exec-3] INFO  o.s.c.c.s.e.NativeEnvironmentRepository - Adding property source: file:/tmp/config-repo-15113891570941030505/config-client.yml
2021-07-15 15:29:36 [SpringContextShutdownHook] INFO  o.s.s.c.ThreadPoolTaskExecutor - Shutting down ExecutorService 'applicationTaskExecutor'
2021-07-15 15:31:08 [background-preinit] INFO  o.h.validator.internal.util.Version - HV000001: Hibernate Validator 6.1.5.Final
2021-07-15 15:31:19 [main] INFO  c.m.demo.config.server.ConfigServer - No active profile set, falling back to default profiles: default
2021-07-15 15:31:33 [main] INFO  o.s.cloud.context.scope.GenericScope - BeanFactory id=2a519873-3bf9-3410-9240-bed5bf7485b8
2021-07-15 15:31:38 [main] INFO  o.s.b.w.e.tomcat.TomcatWebServer - Tomcat initialized with port(s): 8888 (http)
2021-07-15 15:31:38 [main] INFO  o.a.coyote.http11.Http11NioProtocol - Initializing ProtocolHandler ["http-nio-8888"]
2021-07-15 15:31:39 [main] INFO  o.a.catalina.core.StandardService - Starting service [Tomcat]
2021-07-15 15:31:39 [main] INFO  o.a.catalina.core.StandardEngine - Starting Servlet engine: [Apache Tomcat/9.0.38]
2021-07-15 15:31:39 [main] INFO  o.a.c.c.C.[Tomcat].[localhost].[/] - Initializing Spring embedded WebApplicationContext
2021-07-15 15:31:39 [main] INFO  o.s.b.w.s.c.ServletWebServerApplicationContext - Root WebApplicationContext: initialization completed in 20356 ms
2021-07-15 15:31:48 [main] INFO  o.s.s.c.ThreadPoolTaskExecutor - Initializing ExecutorService 'applicationTaskExecutor'
2021-07-15 15:32:07 [main] INFO  o.s.s.web.DefaultSecurityFilterChain - Creating filter chain: Ant [pattern='/encrypt/**'], []
2021-07-15 15:32:07 [main] INFO  o.s.s.web.DefaultSecurityFilterChain - Creating filter chain: Ant [pattern='/decrypt/**'], []
2021-07-15 15:32:07 [main] INFO  o.s.s.web.DefaultSecurityFilterChain - Creating filter chain: Ant [pattern='/actuator/**'], []
2021-07-15 15:32:07 [main] INFO  o.s.s.web.DefaultSecurityFilterChain - Creating filter chain: any request, [org.springframework.security.web.context.request.async.WebAsyncManagerIntegrationFilter@fa11fda, org.springframework.security.web.context.SecurityContextPersistenceFilter@78fb72cb, org.springframework.security.web.header.HeaderWriterFilter@294ebe11, org.springframework.security.web.csrf.CsrfFilter@5a78b52b, org.springframework.security.web.authentication.logout.LogoutFilter@3400d6fa, org.springframework.security.web.authentication.UsernamePasswordAuthenticationFilter@20a946d9, org.springframework.security.web.authentication.ui.DefaultLoginPageGeneratingFilter@5be69f7e, org.springframework.security.web.authentication.ui.DefaultLogoutPageGeneratingFilter@24e1e90a, org.springframework.security.web.authentication.www.BasicAuthenticationFilter@300aa927, org.springframework.security.web.savedrequest.RequestCacheAwareFilter@653e7b, org.springframework.security.web.servletapi.SecurityContextHolderAwareRequestFilter@6fdc2db6, org.springframework.security.web.authentication.AnonymousAuthenticationFilter@7d95166a, org.springframework.security.web.session.SessionManagementFilter@2862271a, org.springframework.security.web.access.ExceptionTranslationFilter@76220ef1, org.springframework.security.web.access.intercept.FilterSecurityInterceptor@778197c0]
2021-07-15 15:32:08 [main] INFO  o.s.b.a.e.web.EndpointLinksResolver - Exposing 2 endpoint(s) beneath base path '/actuator'
2021-07-15 15:32:08 [main] INFO  o.a.coyote.http11.Http11NioProtocol - Starting ProtocolHandler ["http-nio-8888"]
2021-07-15 15:32:09 [main] INFO  o.s.b.w.e.tomcat.TomcatWebServer - Tomcat started on port(s): 8888 (http) with context path ''
2021-07-15 15:32:09 [main] INFO  c.m.demo.config.server.ConfigServer - Started ConfigServer in 65.515 seconds (JVM running for 69.557)
2021-07-15 15:32:35 [http-nio-8888-exec-1] INFO  o.a.c.c.C.[Tomcat].[localhost].[/] - Initializing Spring DispatcherServlet 'dispatcherServlet'
2021-07-15 15:32:35 [http-nio-8888-exec-1] INFO  o.s.web.servlet.DispatcherServlet - Initializing Servlet 'dispatcherServlet'
2021-07-15 15:32:35 [http-nio-8888-exec-1] INFO  o.s.web.servlet.DispatcherServlet - Completed initialization in 14 ms
2021-07-15 15:32:42 [http-nio-8888-exec-2] INFO  o.s.c.c.s.e.NativeEnvironmentRepository - Adding property source: file:/tmp/config-repo-12157039796728127855/config-client-twitter_to_kafka.yml
2021-07-15 15:32:42 [http-nio-8888-exec-2] INFO  o.s.c.c.s.e.NativeEnvironmentRepository - Adding property source: file:/tmp/config-repo-12157039796728127855/config-client.yml
2021-07-15 15:32:54 [http-nio-8888-exec-3] INFO  o.s.c.c.s.e.NativeEnvironmentRepository - Adding property source: file:/tmp/config-repo-12157039796728127855/config-client-kafka_to_elastic.yml
2021-07-15 15:32:54 [http-nio-8888-exec-3] INFO  o.s.c.c.s.e.NativeEnvironmentRepository - Adding property source: file:/tmp/config-repo-12157039796728127855/config-client.yml
2021-07-15 15:38:01 [SpringContextShutdownHook] INFO  o.s.s.c.ThreadPoolTaskExecutor - Shutting down ExecutorService 'applicationTaskExecutor'
2021-07-15 15:44:32 [background-preinit] INFO  o.h.validator.internal.util.Version - HV000001: Hibernate Validator 6.1.5.Final
2021-07-15 15:44:45 [main] INFO  c.m.demo.config.server.ConfigServer - No active profile set, falling back to default profiles: default
2021-07-15 15:45:00 [main] INFO  o.s.cloud.context.scope.GenericScope - BeanFactory id=2a519873-3bf9-3410-9240-bed5bf7485b8
2021-07-15 15:45:03 [main] INFO  o.s.b.w.e.tomcat.TomcatWebServer - Tomcat initialized with port(s): 8888 (http)
2021-07-15 15:45:03 [main] INFO  o.a.coyote.http11.Http11NioProtocol - Initializing ProtocolHandler ["http-nio-8888"]
2021-07-15 15:45:03 [main] INFO  o.a.catalina.core.StandardService - Starting service [Tomcat]
2021-07-15 15:45:03 [main] INFO  o.a.catalina.core.StandardEngine - Starting Servlet engine: [Apache Tomcat/9.0.38]
2021-07-15 15:45:04 [main] INFO  o.a.c.c.C.[Tomcat].[localhost].[/] - Initializing Spring embedded WebApplicationContext
2021-07-15 15:45:04 [main] INFO  o.s.b.w.s.c.ServletWebServerApplicationContext - Root WebApplicationContext: initialization completed in 17664 ms
2021-07-15 15:45:09 [main] INFO  o.s.s.c.ThreadPoolTaskExecutor - Initializing ExecutorService 'applicationTaskExecutor'
2021-07-15 15:45:33 [main] INFO  o.s.s.web.DefaultSecurityFilterChain - Creating filter chain: Ant [pattern='/encrypt/**'], []
2021-07-15 15:45:33 [main] INFO  o.s.s.web.DefaultSecurityFilterChain - Creating filter chain: Ant [pattern='/decrypt/**'], []
2021-07-15 15:45:33 [main] INFO  o.s.s.web.DefaultSecurityFilterChain - Creating filter chain: Ant [pattern='/actuator/**'], []
2021-07-15 15:45:33 [main] INFO  o.s.s.web.DefaultSecurityFilterChain - Creating filter chain: any request, [org.springframework.security.web.context.request.async.WebAsyncManagerIntegrationFilter@18b3db6e, org.springframework.security.web.context.SecurityContextPersistenceFilter@6b64429e, org.springframework.security.web.header.HeaderWriterFilter@2419fe6f, org.springframework.security.web.csrf.CsrfFilter@7672960e, org.springframework.security.web.authentication.logout.LogoutFilter@30133a11, org.springframework.security.web.authentication.UsernamePasswordAuthenticationFilter@7538cfe6, org.springframework.security.web.authentication.ui.DefaultLoginPageGeneratingFilter@18692e80, org.springframework.security.web.authentication.ui.DefaultLogoutPageGeneratingFilter@1feb586d, org.springframework.security.web.authentication.www.BasicAuthenticationFilter@7d95166a, org.springframework.security.web.savedrequest.RequestCacheAwareFilter@45849604, org.springframework.security.web.servletapi.SecurityContextHolderAwareRequestFilter@16d61071, org.springframework.security.web.authentication.AnonymousAuthenticationFilter@34695b23, org.springframework.security.web.session.SessionManagementFilter@398694a6, org.springframework.security.web.access.ExceptionTranslationFilter@4e51eda7, org.springframework.security.web.access.intercept.FilterSecurityInterceptor@21d8da75]
2021-07-15 15:45:35 [main] INFO  o.s.b.a.e.web.EndpointLinksResolver - Exposing 2 endpoint(s) beneath base path '/actuator'
2021-07-15 15:45:36 [main] INFO  o.a.coyote.http11.Http11NioProtocol - Starting ProtocolHandler ["http-nio-8888"]
2021-07-15 15:45:36 [main] INFO  o.s.b.w.e.tomcat.TomcatWebServer - Tomcat started on port(s): 8888 (http) with context path ''
2021-07-15 15:45:36 [main] INFO  c.m.demo.config.server.ConfigServer - Started ConfigServer in 68.769 seconds (JVM running for 72.035)
2021-07-15 15:45:51 [http-nio-8888-exec-2] INFO  o.a.c.c.C.[Tomcat].[localhost].[/] - Initializing Spring DispatcherServlet 'dispatcherServlet'
2021-07-15 15:45:51 [http-nio-8888-exec-2] INFO  o.s.web.servlet.DispatcherServlet - Initializing Servlet 'dispatcherServlet'
2021-07-15 15:45:51 [http-nio-8888-exec-2] INFO  o.s.web.servlet.DispatcherServlet - Completed initialization in 19 ms
2021-07-15 15:46:06 [http-nio-8888-exec-1] INFO  o.s.c.c.s.e.NativeEnvironmentRepository - Adding property source: file:/tmp/config-repo-16375503775334377575/config-client-twitter_to_kafka.yml
2021-07-15 15:46:06 [http-nio-8888-exec-1] INFO  o.s.c.c.s.e.NativeEnvironmentRepository - Adding property source: file:/tmp/config-repo-16375503775334377575/config-client.yml
2021-07-15 15:46:21 [http-nio-8888-exec-3] INFO  o.s.c.c.s.e.NativeEnvironmentRepository - Adding property source: file:/tmp/config-repo-16375503775334377575/config-client-kafka_to_elastic.yml
2021-07-15 15:46:21 [http-nio-8888-exec-3] INFO  o.s.c.c.s.e.NativeEnvironmentRepository - Adding property source: file:/tmp/config-repo-16375503775334377575/config-client.yml
